[2022-07-31 01:43:34:965][background-preinit] INFO  o.h.validator.internal.util.Version - HV000001: Hibernate Validator 6.2.3.Final
[2022-07-31 01:43:34:965][restartedMain] INFO  com.myblog.MyblogApplication - Starting MyblogApplication using Java 11.0.13 on DESKTOP-P1F89EE with PID 5504 (C:\tools\spring\project\myblog\build\classes\java\main started by joddo in C:\tools\spring\project\myblog)
[2022-07-31 01:43:34:972][restartedMain] INFO  com.myblog.MyblogApplication - The following 7 profiles are active: "db", "oauth", "aws", "git", "sentry", "key", "local"
[2022-07-31 01:43:34:1019][restartedMain] WARN  o.s.b.c.c.ConfigDataEnvironment - Property 'spring.profiles' imported from location 'class path resource [application-db.yml]' is invalid and should be replaced with 'spring.config.activate.on-profile' [origin: class path resource [application-db.yml] - 65:13]
[2022-07-31 01:43:34:1019][restartedMain] WARN  o.s.b.c.c.ConfigDataEnvironment - Property 'spring.profiles' imported from location 'class path resource [application-db.yml]' is invalid and should be replaced with 'spring.config.activate.on-profile' [origin: class path resource [application-db.yml] - 43:13]
[2022-07-31 01:43:34:1019][restartedMain] WARN  o.s.b.c.c.ConfigDataEnvironment - Property 'spring.profiles' imported from location 'class path resource [application-db.yml]' is invalid and should be replaced with 'spring.config.activate.on-profile' [origin: class path resource [application-db.yml] - 22:13]
[2022-07-31 01:43:34:1019][restartedMain] WARN  o.s.b.c.c.ConfigDataEnvironment - Property 'spring.profiles' imported from location 'class path resource [application-db.yml]' is invalid and should be replaced with 'spring.config.activate.on-profile' [origin: class path resource [application-db.yml] - 2:13]
[2022-07-31 01:43:34:1020][restartedMain] INFO  o.s.b.d.e.DevToolsPropertyDefaultsPostProcessor - Devtools property defaults active! Set 'spring.devtools.add-properties' to 'false' to disable
[2022-07-31 01:43:34:1020][restartedMain] INFO  o.s.b.d.e.DevToolsPropertyDefaultsPostProcessor - For additional web related logging consider setting the 'logging.level.web' property to 'DEBUG'
[2022-07-31 01:43:35:1978][restartedMain] INFO  o.s.d.r.c.RepositoryConfigurationDelegate - Bootstrapping Spring Data JPA repositories in DEFAULT mode.
[2022-07-31 01:43:35:2107][restartedMain] INFO  o.s.d.r.c.RepositoryConfigurationDelegate - Finished Spring Data repository scanning in 120 ms. Found 7 JPA repository interfaces.
[2022-07-31 01:43:35:2570][restartedMain] INFO  o.s.c.s.PostProcessorRegistrationDelegate$BeanPostProcessorChecker - Bean 'io.sentry.spring.tracing.SentryAdviceConfiguration' of type [io.sentry.spring.tracing.SentryAdviceConfiguration] is not eligible for getting processed by all BeanPostProcessors (for example: not eligible for auto-proxying)
[2022-07-31 01:43:35:2578][restartedMain] INFO  o.s.c.s.PostProcessorRegistrationDelegate$BeanPostProcessorChecker - Bean 'io.sentry.spring.tracing.SentrySpanPointcutConfiguration' of type [io.sentry.spring.tracing.SentrySpanPointcutConfiguration] is not eligible for getting processed by all BeanPostProcessors (for example: not eligible for auto-proxying)
[2022-07-31 01:43:35:2582][restartedMain] INFO  o.s.c.s.PostProcessorRegistrationDelegate$BeanPostProcessorChecker - Bean 'sentrySpanPointcut' of type [org.springframework.aop.support.ComposablePointcut] is not eligible for getting processed by all BeanPostProcessors (for example: not eligible for auto-proxying)
[2022-07-31 01:43:35:2583][restartedMain] INFO  o.s.c.s.PostProcessorRegistrationDelegate$BeanPostProcessorChecker - Bean 'io.sentry.spring.boot.SentryAutoConfiguration$HubConfiguration' of type [io.sentry.spring.boot.SentryAutoConfiguration$HubConfiguration] is not eligible for getting processed by all BeanPostProcessors (for example: not eligible for auto-proxying)
[2022-07-31 01:43:35:2590][restartedMain] INFO  o.s.c.s.PostProcessorRegistrationDelegate$BeanPostProcessorChecker - Bean 'io.sentry.spring.boot.SentryAutoConfiguration$HubConfiguration$ContextTagsEventProcessorConfiguration' of type [io.sentry.spring.boot.SentryAutoConfiguration$HubConfiguration$ContextTagsEventProcessorConfiguration] is not eligible for getting processed by all BeanPostProcessors (for example: not eligible for auto-proxying)
[2022-07-31 01:43:37:3665][restartedMain] INFO  o.s.c.s.PostProcessorRegistrationDelegate$BeanPostProcessorChecker - Bean 'sentry-io.sentry.spring.boot.SentryProperties' of type [io.sentry.spring.boot.SentryProperties] is not eligible for getting processed by all BeanPostProcessors (for example: not eligible for auto-proxying)
[2022-07-31 01:43:37:3683][restartedMain] INFO  o.s.c.s.PostProcessorRegistrationDelegate$BeanPostProcessorChecker - Bean 'contextTagsEventProcessor' of type [io.sentry.spring.ContextTagsEventProcessor] is not eligible for getting processed by all BeanPostProcessors (for example: not eligible for auto-proxying)
[2022-07-31 01:43:37:3687][restartedMain] INFO  o.s.c.s.PostProcessorRegistrationDelegate$BeanPostProcessorChecker - Bean 'inAppPackagesResolver' of type [io.sentry.spring.boot.InAppIncludesResolver] is not eligible for getting processed by all BeanPostProcessors (for example: not eligible for auto-proxying)
[2022-07-31 01:43:37:3688][restartedMain] INFO  o.s.c.s.PostProcessorRegistrationDelegate$BeanPostProcessorChecker - Bean 'sentryOptionsConfiguration' of type [io.sentry.spring.boot.SentryAutoConfiguration$HubConfiguration$$Lambda$600/0x0000000800546040] is not eligible for getting processed by all BeanPostProcessors (for example: not eligible for auto-proxying)
[2022-07-31 01:43:37:3696][restartedMain] INFO  o.s.c.s.PostProcessorRegistrationDelegate$BeanPostProcessorChecker - Bean 'myblogApplication' of type [com.myblog.MyblogApplication$$EnhancerBySpringCGLIB$$db7b91f4] is not eligible for getting processed by all BeanPostProcessors (for example: not eligible for auto-proxying)
[2022-07-31 01:43:37:3717][restartedMain] INFO  o.s.c.s.PostProcessorRegistrationDelegate$BeanPostProcessorChecker - Bean 'sentryHub' of type [io.sentry.HubAdapter] is not eligible for getting processed by all BeanPostProcessors (for example: not eligible for auto-proxying)
[2022-07-31 01:43:37:3728][restartedMain] INFO  o.s.c.s.PostProcessorRegistrationDelegate$BeanPostProcessorChecker - Bean 'sentrySpanAdvice' of type [io.sentry.spring.tracing.SentrySpanAdvice] is not eligible for getting processed by all BeanPostProcessors (for example: not eligible for auto-proxying)
[2022-07-31 01:43:37:3728][restartedMain] INFO  o.s.c.s.PostProcessorRegistrationDelegate$BeanPostProcessorChecker - Bean 'sentrySpanAdvisor' of type [org.springframework.aop.support.DefaultPointcutAdvisor] is not eligible for getting processed by all BeanPostProcessors (for example: not eligible for auto-proxying)
[2022-07-31 01:43:37:3728][restartedMain] INFO  o.s.c.s.PostProcessorRegistrationDelegate$BeanPostProcessorChecker - Bean 'io.sentry.spring.tracing.SentryTransactionPointcutConfiguration' of type [io.sentry.spring.tracing.SentryTransactionPointcutConfiguration] is not eligible for getting processed by all BeanPostProcessors (for example: not eligible for auto-proxying)
[2022-07-31 01:43:37:3729][restartedMain] INFO  o.s.c.s.PostProcessorRegistrationDelegate$BeanPostProcessorChecker - Bean 'sentryTransactionPointcut' of type [org.springframework.aop.support.ComposablePointcut] is not eligible for getting processed by all BeanPostProcessors (for example: not eligible for auto-proxying)
[2022-07-31 01:43:37:3731][restartedMain] INFO  o.s.c.s.PostProcessorRegistrationDelegate$BeanPostProcessorChecker - Bean 'sentryTransactionAdvice' of type [io.sentry.spring.tracing.SentryTransactionAdvice] is not eligible for getting processed by all BeanPostProcessors (for example: not eligible for auto-proxying)
[2022-07-31 01:43:37:3731][restartedMain] INFO  o.s.c.s.PostProcessorRegistrationDelegate$BeanPostProcessorChecker - Bean 'sentryTransactionAdvisor' of type [org.springframework.aop.support.DefaultPointcutAdvisor] is not eligible for getting processed by all BeanPostProcessors (for example: not eligible for auto-proxying)
[2022-07-31 01:43:37:4201][restartedMain] INFO  o.s.b.w.e.tomcat.TomcatWebServer - Tomcat initialized with port(s): 8080 (http)
[2022-07-31 01:43:37:4210][restartedMain] INFO  o.a.coyote.http11.Http11NioProtocol - Initializing ProtocolHandler ["http-nio-8080"]
[2022-07-31 01:43:37:4211][restartedMain] INFO  o.a.catalina.core.StandardService - Starting service [Tomcat]
[2022-07-31 01:43:37:4211][restartedMain] INFO  o.a.catalina.core.StandardEngine - Starting Servlet engine: [Apache Tomcat/9.0.60]
[2022-07-31 01:43:37:4347][restartedMain] INFO  o.a.c.c.C.[Tomcat].[localhost].[/] - Initializing Spring embedded WebApplicationContext
[2022-07-31 01:43:37:4347][restartedMain] INFO  o.s.b.w.s.c.ServletWebServerApplicationContext - Root WebApplicationContext: initialization completed in 3326 ms
[2022-07-31 01:43:37:4416][restartedMain] INFO  com.zaxxer.hikari.HikariDataSource - HikariPool-1 - Starting...
[2022-07-31 01:43:37:4578][restartedMain] INFO  com.zaxxer.hikari.HikariDataSource - HikariPool-1 - Start completed.
[2022-07-31 01:43:37:4587][restartedMain] INFO  o.s.b.a.h.H2ConsoleAutoConfiguration - H2 console available at '/h2-console'. Database available at 'jdbc:mysql://localhost:3306/myblog?allowPublicKeyRetrieval=true&characterEncoding=UTF-8&serverTimezone=UTC&useSSL=false&cacheDefaultTimezone=false'
[2022-07-31 01:43:38:4769][restartedMain] INFO  o.h.jpa.internal.util.LogHelper - HHH000204: Processing PersistenceUnitInfo [name: default]
[2022-07-31 01:43:38:4827][restartedMain] INFO  org.hibernate.Version - HHH000412: Hibernate ORM core version 5.6.7.Final
[2022-07-31 01:43:38:4991][restartedMain] INFO  o.h.annotations.common.Version - HCANN000001: Hibernate Commons Annotations {5.1.2.Final}
[2022-07-31 01:43:38:5107][restartedMain] INFO  org.hibernate.dialect.Dialect - HHH000400: Using dialect: org.hibernate.dialect.MySQL5InnoDBDialect
[2022-07-31 01:43:39:6030][restartedMain] INFO  o.h.e.t.j.p.i.JtaPlatformInitiator - HHH000490: Using JtaPlatform implementation: [org.hibernate.engine.transaction.jta.platform.internal.NoJtaPlatform]
[2022-07-31 01:43:39:6039][restartedMain] INFO  o.s.o.j.LocalContainerEntityManagerFactoryBean - Initialized JPA EntityManagerFactory for persistence unit 'default'
[2022-07-31 01:43:40:7396][restartedMain] WARN  o.s.b.a.o.j.JpaBaseConfiguration$JpaWebConfiguration - spring.jpa.open-in-view is enabled by default. Therefore, database queries may be performed during view rendering. Explicitly configure spring.jpa.open-in-view to disable this warning
[2022-07-31 01:43:40:7475][restartedMain] WARN  n.s.e.config.ConfigurationFactory - No configuration found. Configuring ehcache from ehcache-failsafe.xml  found in the classpath: jar:file:/C:/Users/joddo/.gradle/caches/modules-2/files-2.1/net.sf.ehcache/ehcache/2.10.9.2/642832b8def8968295e9eedb41cd8fd625786561/ehcache-2.10.9.2.jar!/ehcache-failsafe.xml
[2022-07-31 01:43:41:7727][restartedMain] WARN  o.s.s.c.a.web.builders.WebSecurity - You are asking Spring Security to ignore org.springframework.boot.autoconfigure.security.servlet.StaticResourceRequest$StaticResourceRequestMatcher@313c60d6. This is not recommended -- please use permitAll via HttpSecurity#authorizeHttpRequests instead.
[2022-07-31 01:43:41:7728][restartedMain] INFO  o.s.s.w.DefaultSecurityFilterChain - Will secure org.springframework.boot.autoconfigure.security.servlet.StaticResourceRequest$StaticResourceRequestMatcher@313c60d6 with []
[2022-07-31 01:43:41:7834][restartedMain] INFO  o.s.s.w.DefaultSecurityFilterChain - Will not secure any request
[2022-07-31 01:43:41:8191][restartedMain] INFO  o.s.b.a.w.s.WelcomePageHandlerMapping - Adding welcome page template: index
[2022-07-31 01:43:41:8577][restartedMain] INFO  o.s.b.d.a.OptionalLiveReloadServer - LiveReload server is running on port 35729
[2022-07-31 01:43:42:8605][restartedMain] INFO  o.a.coyote.http11.Http11NioProtocol - Starting ProtocolHandler ["http-nio-8080"]
[2022-07-31 01:43:42:8623][restartedMain] INFO  o.s.b.w.e.tomcat.TomcatWebServer - Tomcat started on port(s): 8080 (http) with context path ''
[2022-07-31 01:43:42:8633][restartedMain] INFO  com.myblog.MyblogApplication - Started MyblogApplication in 8.176 seconds (JVM running for 9.718)
[2022-07-31 01:43:51:18322][http-nio-8080-exec-1] INFO  o.a.c.c.C.[Tomcat].[localhost].[/] - Initializing Spring DispatcherServlet 'dispatcherServlet'
[2022-07-31 01:43:51:18323][http-nio-8080-exec-1] INFO  o.s.web.servlet.DispatcherServlet - Initializing Servlet 'dispatcherServlet'
[2022-07-31 01:43:51:18324][http-nio-8080-exec-1] INFO  o.s.web.servlet.DispatcherServlet - Completed initialization in 1 ms
[2022-07-31 01:43:51:18400][http-nio-8080-exec-1] INFO  com.myblog.common.log.LogTracer - ------------------------------0:0:0:0:0:0:0:1/08785a86's transaction start------------------------------
[2022-07-31 01:43:51:18400][http-nio-8080-exec-1] INFO  com.myblog.common.log.LogTracer - [0:0:0:0:0:0:0:1/08785a86] Return:String com.myblog.article.controller.ArticleController.index(Model) ,args = [{}]
[2022-07-31 01:43:51:18415][http-nio-8080-exec-1] INFO  com.myblog.common.log.LogTracer - [0:0:0:0:0:0:0:1/08785a86] |-->Return:List com.myblog.article.service.ArticleService.findPopularArticle() ,args = []
[2022-07-31 01:43:51:18422][http-nio-8080-exec-1] INFO  com.myblog.common.log.LogTracer - [0:0:0:0:0:0:0:1/08785a86] |   |-->Return:List com.myblog.article.repository.ArticleRepository.findTop6ByOrderByHitDesc() ,args = []
[2022-07-31 01:43:51:18487][http-nio-8080-exec-1] INFO  com.myblog.common.log.LogTracer - [0:0:0:0:0:0:0:1/08785a86] |   |<--Return:List com.myblog.article.repository.ArticleRepository.findTop6ByOrderByHitDesc() time = 64ms
[2022-07-31 01:43:51:18488][http-nio-8080-exec-1] INFO  com.myblog.common.log.LogTracer - [0:0:0:0:0:0:0:1/08785a86] |<--Return:List com.myblog.article.service.ArticleService.findPopularArticle() time = 73ms
[2022-07-31 01:43:51:18490][http-nio-8080-exec-1] INFO  com.myblog.common.log.LogTracer - [0:0:0:0:0:0:0:1/08785a86] Return:String com.myblog.article.controller.ArticleController.index(Model) time = 91ms
[2022-07-31 01:43:51:18494][http-nio-8080-exec-1] INFO  com.myblog.common.log.LogTracer - -------------------------------0:0:0:0:0:0:0:1/08785a86's transaction end/91ms-------------------------
[2022-07-31 01:43:51:18524][http-nio-8080-exec-1] ERROR o.a.c.c.C.[.[.[.[dispatcherServlet] - Servlet.service() for servlet [dispatcherServlet] in context with path [] threw exception [Request processing failed; nested exception is java.lang.IllegalArgumentException: Cannot find cache named 'sadeBarCategoryCaching' for Builder[public com.myblog.category.dto.CategoryListDto com.myblog.category.service.CategoryService.findSidebarCategory()] caches=[sadeBarCategoryCaching] | key='0' | keyGenerator='' | cacheManager='' | cacheResolver='' | condition='' | unless='' | sync='false'] with root cause
java.lang.IllegalArgumentException: Cannot find cache named 'sadeBarCategoryCaching' for Builder[public com.myblog.category.dto.CategoryListDto com.myblog.category.service.CategoryService.findSidebarCategory()] caches=[sadeBarCategoryCaching] | key='0' | keyGenerator='' | cacheManager='' | cacheResolver='' | condition='' | unless='' | sync='false'
	at org.springframework.cache.interceptor.AbstractCacheResolver.resolveCaches(AbstractCacheResolver.java:92)
	at org.springframework.cache.interceptor.CacheAspectSupport.getCaches(CacheAspectSupport.java:252)
	at org.springframework.cache.interceptor.CacheAspectSupport$CacheOperationContext.<init>(CacheAspectSupport.java:724)
	at org.springframework.cache.interceptor.CacheAspectSupport.getOperationContext(CacheAspectSupport.java:265)
	at org.springframework.cache.interceptor.CacheAspectSupport$CacheOperationContexts.<init>(CacheAspectSupport.java:615)
	at org.springframework.cache.interceptor.CacheAspectSupport.execute(CacheAspectSupport.java:345)
	at org.springframework.cache.interceptor.CacheInterceptor.invoke(CacheInterceptor.java:64)
	at org.springframework.aop.framework.ReflectiveMethodInvocation.proceed(ReflectiveMethodInvocation.java:186)
	at org.springframework.aop.framework.CglibAopProxy$CglibMethodInvocation.proceed(CglibAopProxy.java:753)
	at org.springframework.aop.interceptor.ExposeInvocationInterceptor.invoke(ExposeInvocationInterceptor.java:97)
	at org.springframework.aop.framework.ReflectiveMethodInvocation.proceed(ReflectiveMethodInvocation.java:186)
	at org.springframework.aop.framework.CglibAopProxy$CglibMethodInvocation.proceed(CglibAopProxy.java:753)
	at org.springframework.aop.framework.CglibAopProxy$DynamicAdvisedInterceptor.intercept(CglibAopProxy.java:698)
	at com.myblog.category.service.CategoryService$$EnhancerBySpringCGLIB$$13ad03f2.findSidebarCategory(<generated>)
	at com.myblog.common.interceper.SideBarInterceptor.postHandle(SideBarInterceptor.java:28)
	at org.springframework.web.servlet.HandlerExecutionChain.applyPostHandle(HandlerExecutionChain.java:165)
	at org.springframework.web.servlet.DispatcherServlet.doDispatch(DispatcherServlet.java:1074)
	at org.springframework.web.servlet.DispatcherServlet.doService(DispatcherServlet.java:963)
	at org.springframework.web.servlet.FrameworkServlet.processRequest(FrameworkServlet.java:1006)
	at org.springframework.web.servlet.FrameworkServlet.doGet(FrameworkServlet.java:898)
	at javax.servlet.http.HttpServlet.service(HttpServlet.java:655)
	at org.springframework.web.servlet.FrameworkServlet.service(FrameworkServlet.java:883)
	at javax.servlet.http.HttpServlet.service(HttpServlet.java:764)
	at org.apache.catalina.core.ApplicationFilterChain.internalDoFilter(ApplicationFilterChain.java:227)
	at org.apache.catalina.core.ApplicationFilterChain.doFilter(ApplicationFilterChain.java:162)
	at org.apache.tomcat.websocket.server.WsFilter.doFilter(WsFilter.java:53)
	at org.apache.catalina.core.ApplicationFilterChain.internalDoFilter(ApplicationFilterChain.java:189)
	at org.apache.catalina.core.ApplicationFilterChain.doFilter(ApplicationFilterChain.java:162)
	at io.sentry.spring.SentryUserFilter.doFilterInternal(SentryUserFilter.java:56)
	at org.springframework.web.filter.OncePerRequestFilter.doFilter(OncePerRequestFilter.java:117)
	at org.apache.catalina.core.ApplicationFilterChain.internalDoFilter(ApplicationFilterChain.java:189)
	at org.apache.catalina.core.ApplicationFilterChain.doFilter(ApplicationFilterChain.java:162)
	at org.springframework.security.web.FilterChainProxy$VirtualFilterChain.doFilter(FilterChainProxy.java:327)
	at org.springframework.security.web.access.intercept.FilterSecurityInterceptor.invoke(FilterSecurityInterceptor.java:115)
	at org.springframework.security.web.access.intercept.FilterSecurityInterceptor.doFilter(FilterSecurityInterceptor.java:81)
	at org.springframework.security.web.FilterChainProxy$VirtualFilterChain.doFilter(FilterChainProxy.java:336)
	at org.springframework.security.web.access.ExceptionTranslationFilter.doFilter(ExceptionTranslationFilter.java:122)
	at org.springframework.security.web.access.ExceptionTranslationFilter.doFilter(ExceptionTranslationFilter.java:116)
	at org.springframework.security.web.FilterChainProxy$VirtualFilterChain.doFilter(FilterChainProxy.java:336)
	at org.springframework.security.web.session.SessionManagementFilter.doFilter(SessionManagementFilter.java:126)
	at org.springframework.security.web.session.SessionManagementFilter.doFilter(SessionManagementFilter.java:81)
	at org.springframework.security.web.FilterChainProxy$VirtualFilterChain.doFilter(FilterChainProxy.java:336)
	at org.springframework.security.web.authentication.AnonymousAuthenticationFilter.doFilter(AnonymousAuthenticationFilter.java:109)
	at org.springframework.security.web.FilterChainProxy$VirtualFilterChain.doFilter(FilterChainProxy.java:336)
	at org.springframework.security.web.servletapi.SecurityContextHolderAwareRequestFilter.doFilter(SecurityContextHolderAwareRequestFilter.java:149)
	at org.springframework.security.web.FilterChainProxy$VirtualFilterChain.doFilter(FilterChainProxy.java:336)
	at org.springframework.security.web.savedrequest.RequestCacheAwareFilter.doFilter(RequestCacheAwareFilter.java:63)
	at org.springframework.security.web.FilterChainProxy$VirtualFilterChain.doFilter(FilterChainProxy.java:336)
	at org.springframework.security.web.authentication.AbstractAuthenticationProcessingFilter.doFilter(AbstractAuthenticationProcessingFilter.java:219)
	at org.springframework.security.web.authentication.AbstractAuthenticationProcessingFilter.doFilter(AbstractAuthenticationProcessingFilter.java:213)
	at org.springframework.security.web.FilterChainProxy$VirtualFilterChain.doFilter(FilterChainProxy.java:336)
	at org.springframework.security.oauth2.client.web.OAuth2AuthorizationRequestRedirectFilter.doFilterInternal(OAuth2AuthorizationRequestRedirectFilter.java:178)
	at org.springframework.web.filter.OncePerRequestFilter.doFilter(OncePerRequestFilter.java:117)
	at org.springframework.security.web.FilterChainProxy$VirtualFilterChain.doFilter(FilterChainProxy.java:336)
	at org.springframework.security.web.authentication.logout.LogoutFilter.doFilter(LogoutFilter.java:103)
	at org.springframework.security.web.authentication.logout.LogoutFilter.doFilter(LogoutFilter.java:89)
	at org.springframework.security.web.FilterChainProxy$VirtualFilterChain.doFilter(FilterChainProxy.java:336)
	at org.springframework.security.web.csrf.CsrfFilter.doFilterInternal(CsrfFilter.java:117)
	at org.springframework.web.filter.OncePerRequestFilter.doFilter(OncePerRequestFilter.java:117)
	at org.springframework.security.web.FilterChainProxy$VirtualFilterChain.doFilter(FilterChainProxy.java:336)
	at org.springframework.security.web.header.HeaderWriterFilter.doHeadersAfter(HeaderWriterFilter.java:90)
	at org.springframework.security.web.header.HeaderWriterFilter.doFilterInternal(HeaderWriterFilter.java:75)
	at org.springframework.web.filter.OncePerRequestFilter.doFilter(OncePerRequestFilter.java:117)
	at org.springframework.security.web.FilterChainProxy$VirtualFilterChain.doFilter(FilterChainProxy.java:336)
	at org.springframework.security.web.context.SecurityContextPersistenceFilter.doFilter(SecurityContextPersistenceFilter.java:110)
	at org.springframework.security.web.context.SecurityContextPersistenceFilter.doFilter(SecurityContextPersistenceFilter.java:80)
	at org.springframework.security.web.FilterChainProxy$VirtualFilterChain.doFilter(FilterChainProxy.java:336)
	at org.springframework.security.web.context.request.async.WebAsyncManagerIntegrationFilter.doFilterInternal(WebAsyncManagerIntegrationFilter.java:55)
	at org.springframework.web.filter.OncePerRequestFilter.doFilter(OncePerRequestFilter.java:117)
	at org.springframework.security.web.FilterChainProxy$VirtualFilterChain.doFilter(FilterChainProxy.java:336)
	at org.springframework.security.web.FilterChainProxy.doFilterInternal(FilterChainProxy.java:211)
	at org.springframework.security.web.FilterChainProxy.doFilter(FilterChainProxy.java:183)
	at org.springframework.web.filter.DelegatingFilterProxy.invokeDelegate(DelegatingFilterProxy.java:354)
	at org.springframework.web.filter.DelegatingFilterProxy.doFilter(DelegatingFilterProxy.java:267)
	at org.apache.catalina.core.ApplicationFilterChain.internalDoFilter(ApplicationFilterChain.java:189)
	at org.apache.catalina.core.ApplicationFilterChain.doFilter(ApplicationFilterChain.java:162)
	at org.springframework.web.filter.RequestContextFilter.doFilterInternal(RequestContextFilter.java:100)
	at org.springframework.web.filter.OncePerRequestFilter.doFilter(OncePerRequestFilter.java:117)
	at org.apache.catalina.core.ApplicationFilterChain.internalDoFilter(ApplicationFilterChain.java:189)
	at org.apache.catalina.core.ApplicationFilterChain.doFilter(ApplicationFilterChain.java:162)
	at org.springframework.web.filter.FormContentFilter.doFilterInternal(FormContentFilter.java:93)
	at org.springframework.web.filter.OncePerRequestFilter.doFilter(OncePerRequestFilter.java:117)
	at org.apache.catalina.core.ApplicationFilterChain.internalDoFilter(ApplicationFilterChain.java:189)
	at org.apache.catalina.core.ApplicationFilterChain.doFilter(ApplicationFilterChain.java:162)
	at io.sentry.spring.tracing.SentryTracingFilter.doFilterInternal(SentryTracingFilter.java:77)
	at org.springframework.web.filter.OncePerRequestFilter.doFilter(OncePerRequestFilter.java:117)
	at org.apache.catalina.core.ApplicationFilterChain.internalDoFilter(ApplicationFilterChain.java:189)
	at org.apache.catalina.core.ApplicationFilterChain.doFilter(ApplicationFilterChain.java:162)
	at org.springframework.web.filter.CharacterEncodingFilter.doFilterInternal(CharacterEncodingFilter.java:201)
	at org.springframework.web.filter.OncePerRequestFilter.doFilter(OncePerRequestFilter.java:117)
	at org.apache.catalina.core.ApplicationFilterChain.internalDoFilter(ApplicationFilterChain.java:189)
	at org.apache.catalina.core.ApplicationFilterChain.doFilter(ApplicationFilterChain.java:162)
	at io.sentry.spring.SentrySpringFilter.doFilterInternal(SentrySpringFilter.java:71)
	at org.springframework.web.filter.OncePerRequestFilter.doFilter(OncePerRequestFilter.java:117)
	at org.apache.catalina.core.ApplicationFilterChain.internalDoFilter(ApplicationFilterChain.java:189)
	at org.apache.catalina.core.ApplicationFilterChain.doFilter(ApplicationFilterChain.java:162)
	at org.apache.catalina.core.StandardWrapperValve.invoke(StandardWrapperValve.java:197)
	at org.apache.catalina.core.StandardContextValve.invoke(StandardContextValve.java:97)
	at org.apache.catalina.authenticator.AuthenticatorBase.invoke(AuthenticatorBase.java:541)
	at org.apache.catalina.core.StandardHostValve.invoke(StandardHostValve.java:135)
	at org.apache.catalina.valves.ErrorReportValve.invoke(ErrorReportValve.java:92)
	at org.apache.catalina.core.StandardEngineValve.invoke(StandardEngineValve.java:78)
	at org.apache.catalina.connector.CoyoteAdapter.service(CoyoteAdapter.java:360)
	at org.apache.coyote.http11.Http11Processor.service(Http11Processor.java:399)
	at org.apache.coyote.AbstractProcessorLight.process(AbstractProcessorLight.java:65)
	at org.apache.coyote.AbstractProtocol$ConnectionHandler.process(AbstractProtocol.java:889)
	at org.apache.tomcat.util.net.NioEndpoint$SocketProcessor.doRun(NioEndpoint.java:1743)
	at org.apache.tomcat.util.net.SocketProcessorBase.run(SocketProcessorBase.java:49)
	at org.apache.tomcat.util.threads.ThreadPoolExecutor.runWorker(ThreadPoolExecutor.java:1191)
	at org.apache.tomcat.util.threads.ThreadPoolExecutor$Worker.run(ThreadPoolExecutor.java:659)
	at org.apache.tomcat.util.threads.TaskThread$WrappingRunnable.run(TaskThread.java:61)
	at java.base/java.lang.Thread.run(Thread.java:834)
[2022-07-31 01:43:51:18561][http-nio-8080-exec-1] ERROR o.a.c.c.C.[.[.[.[dispatcherServlet] - Servlet.service() for servlet [dispatcherServlet] threw exception
java.lang.IllegalArgumentException: Cannot find cache named 'sadeBarCategoryCaching' for Builder[public com.myblog.category.dto.CategoryListDto com.myblog.category.service.CategoryService.findSidebarCategory()] caches=[sadeBarCategoryCaching] | key='0' | keyGenerator='' | cacheManager='' | cacheResolver='' | condition='' | unless='' | sync='false'
	at org.springframework.cache.interceptor.AbstractCacheResolver.resolveCaches(AbstractCacheResolver.java:92)
	at org.springframework.cache.interceptor.CacheAspectSupport.getCaches(CacheAspectSupport.java:252)
	at org.springframework.cache.interceptor.CacheAspectSupport$CacheOperationContext.<init>(CacheAspectSupport.java:724)
	at org.springframework.cache.interceptor.CacheAspectSupport.getOperationContext(CacheAspectSupport.java:265)
	at org.springframework.cache.interceptor.CacheAspectSupport$CacheOperationContexts.<init>(CacheAspectSupport.java:615)
	at org.springframework.cache.interceptor.CacheAspectSupport.execute(CacheAspectSupport.java:345)
	at org.springframework.cache.interceptor.CacheInterceptor.invoke(CacheInterceptor.java:64)
	at org.springframework.aop.framework.ReflectiveMethodInvocation.proceed(ReflectiveMethodInvocation.java:186)
	at org.springframework.aop.framework.CglibAopProxy$CglibMethodInvocation.proceed(CglibAopProxy.java:753)
	at org.springframework.aop.interceptor.ExposeInvocationInterceptor.invoke(ExposeInvocationInterceptor.java:97)
	at org.springframework.aop.framework.ReflectiveMethodInvocation.proceed(ReflectiveMethodInvocation.java:186)
	at org.springframework.aop.framework.CglibAopProxy$CglibMethodInvocation.proceed(CglibAopProxy.java:753)
	at org.springframework.aop.framework.CglibAopProxy$DynamicAdvisedInterceptor.intercept(CglibAopProxy.java:698)
	at com.myblog.category.service.CategoryService$$EnhancerBySpringCGLIB$$13ad03f2.findSidebarCategory(<generated>)
	at com.myblog.common.interceper.SideBarInterceptor.postHandle(SideBarInterceptor.java:28)
	at org.springframework.web.servlet.HandlerExecutionChain.applyPostHandle(HandlerExecutionChain.java:165)
	at org.springframework.web.servlet.DispatcherServlet.doDispatch(DispatcherServlet.java:1074)
	at org.springframework.web.servlet.DispatcherServlet.doService(DispatcherServlet.java:963)
	at org.springframework.web.servlet.FrameworkServlet.processRequest(FrameworkServlet.java:1006)
	at org.springframework.web.servlet.FrameworkServlet.doGet(FrameworkServlet.java:898)
	at javax.servlet.http.HttpServlet.service(HttpServlet.java:655)
	at org.springframework.web.servlet.FrameworkServlet.service(FrameworkServlet.java:883)
	at javax.servlet.http.HttpServlet.service(HttpServlet.java:764)
	at org.apache.catalina.core.ApplicationFilterChain.internalDoFilter(ApplicationFilterChain.java:227)
	at org.apache.catalina.core.ApplicationFilterChain.doFilter(ApplicationFilterChain.java:162)
	at org.springframework.boot.web.servlet.filter.ErrorPageSecurityFilter.doFilter(ErrorPageSecurityFilter.java:80)
	at org.springframework.boot.web.servlet.filter.ErrorPageSecurityFilter.doFilter(ErrorPageSecurityFilter.java:70)
	at org.apache.catalina.core.ApplicationFilterChain.internalDoFilter(ApplicationFilterChain.java:189)
	at org.apache.catalina.core.ApplicationFilterChain.doFilter(ApplicationFilterChain.java:162)
	at org.springframework.web.filter.OncePerRequestFilter.doFilter(OncePerRequestFilter.java:102)
	at org.apache.catalina.core.ApplicationFilterChain.internalDoFilter(ApplicationFilterChain.java:189)
	at org.apache.catalina.core.ApplicationFilterChain.doFilter(ApplicationFilterChain.java:162)
	at org.springframework.security.web.FilterChainProxy$VirtualFilterChain.doFilter(FilterChainProxy.java:327)
	at org.springframework.security.web.access.intercept.FilterSecurityInterceptor.invoke(FilterSecurityInterceptor.java:106)
	at org.springframework.security.web.access.intercept.FilterSecurityInterceptor.doFilter(FilterSecurityInterceptor.java:81)
	at org.springframework.security.web.FilterChainProxy$VirtualFilterChain.doFilter(FilterChainProxy.java:336)
	at org.springframework.security.web.access.ExceptionTranslationFilter.doFilter(ExceptionTranslationFilter.java:122)
	at org.springframework.security.web.access.ExceptionTranslationFilter.doFilter(ExceptionTranslationFilter.java:116)
	at org.springframework.security.web.FilterChainProxy$VirtualFilterChain.doFilter(FilterChainProxy.java:336)
	at org.springframework.security.web.session.SessionManagementFilter.doFilter(SessionManagementFilter.java:87)
	at org.springframework.security.web.session.SessionManagementFilter.doFilter(SessionManagementFilter.java:81)
	at org.springframework.security.web.FilterChainProxy$VirtualFilterChain.doFilter(FilterChainProxy.java:336)
	at org.springframework.security.web.authentication.AnonymousAuthenticationFilter.doFilter(AnonymousAuthenticationFilter.java:109)
	at org.springframework.security.web.FilterChainProxy$VirtualFilterChain.doFilter(FilterChainProxy.java:336)
	at org.springframework.security.web.servletapi.SecurityContextHolderAwareRequestFilter.doFilter(SecurityContextHolderAwareRequestFilter.java:149)
	at org.springframework.security.web.FilterChainProxy$VirtualFilterChain.doFilter(FilterChainProxy.java:336)
	at org.springframework.security.web.savedrequest.RequestCacheAwareFilter.doFilter(RequestCacheAwareFilter.java:63)
	at org.springframework.security.web.FilterChainProxy$VirtualFilterChain.doFilter(FilterChainProxy.java:336)
	at org.springframework.security.web.authentication.AbstractAuthenticationProcessingFilter.doFilter(AbstractAuthenticationProcessingFilter.java:219)
	at org.springframework.security.web.authentication.AbstractAuthenticationProcessingFilter.doFilter(AbstractAuthenticationProcessingFilter.java:213)
	at org.springframework.security.web.FilterChainProxy$VirtualFilterChain.doFilter(FilterChainProxy.java:336)
	at org.springframework.web.filter.OncePerRequestFilter.doFilter(OncePerRequestFilter.java:102)
	at org.springframework.security.web.FilterChainProxy$VirtualFilterChain.doFilter(FilterChainProxy.java:336)
	at org.springframework.security.web.authentication.logout.LogoutFilter.doFilter(LogoutFilter.java:103)
	at org.springframework.security.web.authentication.logout.LogoutFilter.doFilter(LogoutFilter.java:89)
	at org.springframework.security.web.FilterChainProxy$VirtualFilterChain.doFilter(FilterChainProxy.java:336)
	at org.springframework.web.filter.OncePerRequestFilter.doFilter(OncePerRequestFilter.java:102)
	at org.springframework.security.web.FilterChainProxy$VirtualFilterChain.doFilter(FilterChainProxy.java:336)
	at org.springframework.web.filter.OncePerRequestFilter.doFilter(OncePerRequestFilter.java:102)
	at org.springframework.security.web.FilterChainProxy$VirtualFilterChain.doFilter(FilterChainProxy.java:336)
	at org.springframework.security.web.context.SecurityContextPersistenceFilter.doFilter(SecurityContextPersistenceFilter.java:110)
	at org.springframework.security.web.context.SecurityContextPersistenceFilter.doFilter(SecurityContextPersistenceFilter.java:80)
	at org.springframework.security.web.FilterChainProxy$VirtualFilterChain.doFilter(FilterChainProxy.java:336)
	at org.springframework.web.filter.OncePerRequestFilter.doFilter(OncePerRequestFilter.java:102)
	at org.springframework.security.web.FilterChainProxy$VirtualFilterChain.doFilter(FilterChainProxy.java:336)
	at org.springframework.security.web.FilterChainProxy.doFilterInternal(FilterChainProxy.java:211)
	at org.springframework.security.web.FilterChainProxy.doFilter(FilterChainProxy.java:183)
	at org.springframework.web.filter.DelegatingFilterProxy.invokeDelegate(DelegatingFilterProxy.java:354)
	at org.springframework.web.filter.DelegatingFilterProxy.doFilter(DelegatingFilterProxy.java:267)
	at org.apache.catalina.core.ApplicationFilterChain.internalDoFilter(ApplicationFilterChain.java:189)
	at org.apache.catalina.core.ApplicationFilterChain.doFilter(ApplicationFilterChain.java:162)
	at org.springframework.web.filter.RequestContextFilter.doFilterInternal(RequestContextFilter.java:100)
	at org.springframework.web.filter.OncePerRequestFilter.doFilter(OncePerRequestFilter.java:117)
	at org.apache.catalina.core.ApplicationFilterChain.internalDoFilter(ApplicationFilterChain.java:189)
	at org.apache.catalina.core.ApplicationFilterChain.doFilter(ApplicationFilterChain.java:162)
	at org.springframework.web.filter.OncePerRequestFilter.doFilter(OncePerRequestFilter.java:102)
	at org.apache.catalina.core.ApplicationFilterChain.internalDoFilter(ApplicationFilterChain.java:189)
	at org.apache.catalina.core.ApplicationFilterChain.doFilter(ApplicationFilterChain.java:162)
	at org.springframework.web.filter.OncePerRequestFilter.doFilter(OncePerRequestFilter.java:102)
	at org.apache.catalina.core.ApplicationFilterChain.internalDoFilter(ApplicationFilterChain.java:189)
	at org.apache.catalina.core.ApplicationFilterChain.doFilter(ApplicationFilterChain.java:162)
	at org.springframework.web.filter.OncePerRequestFilter.doFilter(OncePerRequestFilter.java:102)
	at org.apache.catalina.core.ApplicationFilterChain.internalDoFilter(ApplicationFilterChain.java:189)
	at org.apache.catalina.core.ApplicationFilterChain.doFilter(ApplicationFilterChain.java:162)
	at org.springframework.web.filter.OncePerRequestFilter.doFilter(OncePerRequestFilter.java:102)
	at org.apache.catalina.core.ApplicationFilterChain.internalDoFilter(ApplicationFilterChain.java:189)
	at org.apache.catalina.core.ApplicationFilterChain.doFilter(ApplicationFilterChain.java:162)
	at org.apache.catalina.core.ApplicationDispatcher.invoke(ApplicationDispatcher.java:711)
	at org.apache.catalina.core.ApplicationDispatcher.processRequest(ApplicationDispatcher.java:461)
	at org.apache.catalina.core.ApplicationDispatcher.doForward(ApplicationDispatcher.java:385)
	at org.apache.catalina.core.ApplicationDispatcher.forward(ApplicationDispatcher.java:313)
	at org.apache.catalina.core.StandardHostValve.custom(StandardHostValve.java:403)
	at org.apache.catalina.core.StandardHostValve.status(StandardHostValve.java:249)
	at org.apache.catalina.core.StandardHostValve.throwable(StandardHostValve.java:344)
	at org.apache.catalina.core.StandardHostValve.invoke(StandardHostValve.java:169)
	at org.apache.catalina.valves.ErrorReportValve.invoke(ErrorReportValve.java:92)
	at org.apache.catalina.core.StandardEngineValve.invoke(StandardEngineValve.java:78)
	at org.apache.catalina.connector.CoyoteAdapter.service(CoyoteAdapter.java:360)
	at org.apache.coyote.http11.Http11Processor.service(Http11Processor.java:399)
	at org.apache.coyote.AbstractProcessorLight.process(AbstractProcessorLight.java:65)
	at org.apache.coyote.AbstractProtocol$ConnectionHandler.process(AbstractProtocol.java:889)
	at org.apache.tomcat.util.net.NioEndpoint$SocketProcessor.doRun(NioEndpoint.java:1743)
	at org.apache.tomcat.util.net.SocketProcessorBase.run(SocketProcessorBase.java:49)
	at org.apache.tomcat.util.threads.ThreadPoolExecutor.runWorker(ThreadPoolExecutor.java:1191)
	at org.apache.tomcat.util.threads.ThreadPoolExecutor$Worker.run(ThreadPoolExecutor.java:659)
	at org.apache.tomcat.util.threads.TaskThread$WrappingRunnable.run(TaskThread.java:61)
	at java.base/java.lang.Thread.run(Thread.java:834)
[2022-07-31 01:43:51:18562][http-nio-8080-exec-1] ERROR o.a.c.c.C.[Tomcat].[localhost] - Exception Processing ErrorPage[errorCode=0, location=/error]
org.springframework.web.util.NestedServletException: Request processing failed; nested exception is java.lang.IllegalArgumentException: Cannot find cache named 'sadeBarCategoryCaching' for Builder[public com.myblog.category.dto.CategoryListDto com.myblog.category.service.CategoryService.findSidebarCategory()] caches=[sadeBarCategoryCaching] | key='0' | keyGenerator='' | cacheManager='' | cacheResolver='' | condition='' | unless='' | sync='false'
	at org.springframework.web.servlet.FrameworkServlet.processRequest(FrameworkServlet.java:1014)
	at org.springframework.web.servlet.FrameworkServlet.doGet(FrameworkServlet.java:898)
	at javax.servlet.http.HttpServlet.service(HttpServlet.java:655)
	at org.springframework.web.servlet.FrameworkServlet.service(FrameworkServlet.java:883)
	at javax.servlet.http.HttpServlet.service(HttpServlet.java:764)
	at org.apache.catalina.core.ApplicationFilterChain.internalDoFilter(ApplicationFilterChain.java:227)
	at org.apache.catalina.core.ApplicationFilterChain.doFilter(ApplicationFilterChain.java:162)
	at org.springframework.boot.web.servlet.filter.ErrorPageSecurityFilter.doFilter(ErrorPageSecurityFilter.java:80)
	at org.springframework.boot.web.servlet.filter.ErrorPageSecurityFilter.doFilter(ErrorPageSecurityFilter.java:70)
	at org.apache.catalina.core.ApplicationFilterChain.internalDoFilter(ApplicationFilterChain.java:189)
	at org.apache.catalina.core.ApplicationFilterChain.doFilter(ApplicationFilterChain.java:162)
	at org.springframework.web.filter.OncePerRequestFilter.doFilter(OncePerRequestFilter.java:102)
	at org.apache.catalina.core.ApplicationFilterChain.internalDoFilter(ApplicationFilterChain.java:189)
	at org.apache.catalina.core.ApplicationFilterChain.doFilter(ApplicationFilterChain.java:162)
	at org.springframework.security.web.FilterChainProxy$VirtualFilterChain.doFilter(FilterChainProxy.java:327)
	at org.springframework.security.web.access.intercept.FilterSecurityInterceptor.invoke(FilterSecurityInterceptor.java:106)
	at org.springframework.security.web.access.intercept.FilterSecurityInterceptor.doFilter(FilterSecurityInterceptor.java:81)
	at org.springframework.security.web.FilterChainProxy$VirtualFilterChain.doFilter(FilterChainProxy.java:336)
	at org.springframework.security.web.access.ExceptionTranslationFilter.doFilter(ExceptionTranslationFilter.java:122)
	at org.springframework.security.web.access.ExceptionTranslationFilter.doFilter(ExceptionTranslationFilter.java:116)
	at org.springframework.security.web.FilterChainProxy$VirtualFilterChain.doFilter(FilterChainProxy.java:336)
	at org.springframework.security.web.session.SessionManagementFilter.doFilter(SessionManagementFilter.java:87)
	at org.springframework.security.web.session.SessionManagementFilter.doFilter(SessionManagementFilter.java:81)
	at org.springframework.security.web.FilterChainProxy$VirtualFilterChain.doFilter(FilterChainProxy.java:336)
	at org.springframework.security.web.authentication.AnonymousAuthenticationFilter.doFilter(AnonymousAuthenticationFilter.java:109)
	at org.springframework.security.web.FilterChainProxy$VirtualFilterChain.doFilter(FilterChainProxy.java:336)
	at org.springframework.security.web.servletapi.SecurityContextHolderAwareRequestFilter.doFilter(SecurityContextHolderAwareRequestFilter.java:149)
	at org.springframework.security.web.FilterChainProxy$VirtualFilterChain.doFilter(FilterChainProxy.java:336)
	at org.springframework.security.web.savedrequest.RequestCacheAwareFilter.doFilter(RequestCacheAwareFilter.java:63)
	at org.springframework.security.web.FilterChainProxy$VirtualFilterChain.doFilter(FilterChainProxy.java:336)
	at org.springframework.security.web.authentication.AbstractAuthenticationProcessingFilter.doFilter(AbstractAuthenticationProcessingFilter.java:219)
	at org.springframework.security.web.authentication.AbstractAuthenticationProcessingFilter.doFilter(AbstractAuthenticationProcessingFilter.java:213)
	at org.springframework.security.web.FilterChainProxy$VirtualFilterChain.doFilter(FilterChainProxy.java:336)
	at org.springframework.web.filter.OncePerRequestFilter.doFilter(OncePerRequestFilter.java:102)
	at org.springframework.security.web.FilterChainProxy$VirtualFilterChain.doFilter(FilterChainProxy.java:336)
	at org.springframework.security.web.authentication.logout.LogoutFilter.doFilter(LogoutFilter.java:103)
	at org.springframework.security.web.authentication.logout.LogoutFilter.doFilter(LogoutFilter.java:89)
	at org.springframework.security.web.FilterChainProxy$VirtualFilterChain.doFilter(FilterChainProxy.java:336)
	at org.springframework.web.filter.OncePerRequestFilter.doFilter(OncePerRequestFilter.java:102)
	at org.springframework.security.web.FilterChainProxy$VirtualFilterChain.doFilter(FilterChainProxy.java:336)
	at org.springframework.web.filter.OncePerRequestFilter.doFilter(OncePerRequestFilter.java:102)
	at org.springframework.security.web.FilterChainProxy$VirtualFilterChain.doFilter(FilterChainProxy.java:336)
	at org.springframework.security.web.context.SecurityContextPersistenceFilter.doFilter(SecurityContextPersistenceFilter.java:110)
	at org.springframework.security.web.context.SecurityContextPersistenceFilter.doFilter(SecurityContextPersistenceFilter.java:80)
	at org.springframework.security.web.FilterChainProxy$VirtualFilterChain.doFilter(FilterChainProxy.java:336)
	at org.springframework.web.filter.OncePerRequestFilter.doFilter(OncePerRequestFilter.java:102)
	at org.springframework.security.web.FilterChainProxy$VirtualFilterChain.doFilter(FilterChainProxy.java:336)
	at org.springframework.security.web.FilterChainProxy.doFilterInternal(FilterChainProxy.java:211)
	at org.springframework.security.web.FilterChainProxy.doFilter(FilterChainProxy.java:183)
	at org.springframework.web.filter.DelegatingFilterProxy.invokeDelegate(DelegatingFilterProxy.java:354)
	at org.springframework.web.filter.DelegatingFilterProxy.doFilter(DelegatingFilterProxy.java:267)
	at org.apache.catalina.core.ApplicationFilterChain.internalDoFilter(ApplicationFilterChain.java:189)
	at org.apache.catalina.core.ApplicationFilterChain.doFilter(ApplicationFilterChain.java:162)
	at org.springframework.web.filter.RequestContextFilter.doFilterInternal(RequestContextFilter.java:100)
	at org.springframework.web.filter.OncePerRequestFilter.doFilter(OncePerRequestFilter.java:117)
	at org.apache.catalina.core.ApplicationFilterChain.internalDoFilter(ApplicationFilterChain.java:189)
	at org.apache.catalina.core.ApplicationFilterChain.doFilter(ApplicationFilterChain.java:162)
	at org.springframework.web.filter.OncePerRequestFilter.doFilter(OncePerRequestFilter.java:102)
	at org.apache.catalina.core.ApplicationFilterChain.internalDoFilter(ApplicationFilterChain.java:189)
	at org.apache.catalina.core.ApplicationFilterChain.doFilter(ApplicationFilterChain.java:162)
	at org.springframework.web.filter.OncePerRequestFilter.doFilter(OncePerRequestFilter.java:102)
	at org.apache.catalina.core.ApplicationFilterChain.internalDoFilter(ApplicationFilterChain.java:189)
	at org.apache.catalina.core.ApplicationFilterChain.doFilter(ApplicationFilterChain.java:162)
	at org.springframework.web.filter.OncePerRequestFilter.doFilter(OncePerRequestFilter.java:102)
	at org.apache.catalina.core.ApplicationFilterChain.internalDoFilter(ApplicationFilterChain.java:189)
	at org.apache.catalina.core.ApplicationFilterChain.doFilter(ApplicationFilterChain.java:162)
	at org.springframework.web.filter.OncePerRequestFilter.doFilter(OncePerRequestFilter.java:102)
	at org.apache.catalina.core.ApplicationFilterChain.internalDoFilter(ApplicationFilterChain.java:189)
	at org.apache.catalina.core.ApplicationFilterChain.doFilter(ApplicationFilterChain.java:162)
	at org.apache.catalina.core.ApplicationDispatcher.invoke(ApplicationDispatcher.java:711)
	at org.apache.catalina.core.ApplicationDispatcher.processRequest(ApplicationDispatcher.java:461)
	at org.apache.catalina.core.ApplicationDispatcher.doForward(ApplicationDispatcher.java:385)
	at org.apache.catalina.core.ApplicationDispatcher.forward(ApplicationDispatcher.java:313)
	at org.apache.catalina.core.StandardHostValve.custom(StandardHostValve.java:403)
	at org.apache.catalina.core.StandardHostValve.status(StandardHostValve.java:249)
	at org.apache.catalina.core.StandardHostValve.throwable(StandardHostValve.java:344)
	at org.apache.catalina.core.StandardHostValve.invoke(StandardHostValve.java:169)
	at org.apache.catalina.valves.ErrorReportValve.invoke(ErrorReportValve.java:92)
	at org.apache.catalina.core.StandardEngineValve.invoke(StandardEngineValve.java:78)
	at org.apache.catalina.connector.CoyoteAdapter.service(CoyoteAdapter.java:360)
	at org.apache.coyote.http11.Http11Processor.service(Http11Processor.java:399)
	at org.apache.coyote.AbstractProcessorLight.process(AbstractProcessorLight.java:65)
	at org.apache.coyote.AbstractProtocol$ConnectionHandler.process(AbstractProtocol.java:889)
	at org.apache.tomcat.util.net.NioEndpoint$SocketProcessor.doRun(NioEndpoint.java:1743)
	at org.apache.tomcat.util.net.SocketProcessorBase.run(SocketProcessorBase.java:49)
	at org.apache.tomcat.util.threads.ThreadPoolExecutor.runWorker(ThreadPoolExecutor.java:1191)
	at org.apache.tomcat.util.threads.ThreadPoolExecutor$Worker.run(ThreadPoolExecutor.java:659)
	at org.apache.tomcat.util.threads.TaskThread$WrappingRunnable.run(TaskThread.java:61)
	at java.base/java.lang.Thread.run(Thread.java:834)
Caused by: java.lang.IllegalArgumentException: Cannot find cache named 'sadeBarCategoryCaching' for Builder[public com.myblog.category.dto.CategoryListDto com.myblog.category.service.CategoryService.findSidebarCategory()] caches=[sadeBarCategoryCaching] | key='0' | keyGenerator='' | cacheManager='' | cacheResolver='' | condition='' | unless='' | sync='false'
	at org.springframework.cache.interceptor.AbstractCacheResolver.resolveCaches(AbstractCacheResolver.java:92)
	at org.springframework.cache.interceptor.CacheAspectSupport.getCaches(CacheAspectSupport.java:252)
	at org.springframework.cache.interceptor.CacheAspectSupport$CacheOperationContext.<init>(CacheAspectSupport.java:724)
	at org.springframework.cache.interceptor.CacheAspectSupport.getOperationContext(CacheAspectSupport.java:265)
	at org.springframework.cache.interceptor.CacheAspectSupport$CacheOperationContexts.<init>(CacheAspectSupport.java:615)
	at org.springframework.cache.interceptor.CacheAspectSupport.execute(CacheAspectSupport.java:345)
	at org.springframework.cache.interceptor.CacheInterceptor.invoke(CacheInterceptor.java:64)
	at org.springframework.aop.framework.ReflectiveMethodInvocation.proceed(ReflectiveMethodInvocation.java:186)
	at org.springframework.aop.framework.CglibAopProxy$CglibMethodInvocation.proceed(CglibAopProxy.java:753)
	at org.springframework.aop.interceptor.ExposeInvocationInterceptor.invoke(ExposeInvocationInterceptor.java:97)
	at org.springframework.aop.framework.ReflectiveMethodInvocation.proceed(ReflectiveMethodInvocation.java:186)
	at org.springframework.aop.framework.CglibAopProxy$CglibMethodInvocation.proceed(CglibAopProxy.java:753)
	at org.springframework.aop.framework.CglibAopProxy$DynamicAdvisedInterceptor.intercept(CglibAopProxy.java:698)
	at com.myblog.category.service.CategoryService$$EnhancerBySpringCGLIB$$13ad03f2.findSidebarCategory(<generated>)
	at com.myblog.common.interceper.SideBarInterceptor.postHandle(SideBarInterceptor.java:28)
	at org.springframework.web.servlet.HandlerExecutionChain.applyPostHandle(HandlerExecutionChain.java:165)
	at org.springframework.web.servlet.DispatcherServlet.doDispatch(DispatcherServlet.java:1074)
	at org.springframework.web.servlet.DispatcherServlet.doService(DispatcherServlet.java:963)
	at org.springframework.web.servlet.FrameworkServlet.processRequest(FrameworkServlet.java:1006)
	... 88 common frames omitted
[2022-07-31 01:44:48:75044][SpringApplicationShutdownHook] INFO  o.s.o.j.LocalContainerEntityManagerFactoryBean - Closing JPA EntityManagerFactory for persistence unit 'default'
[2022-07-31 01:44:48:75049][SpringApplicationShutdownHook] INFO  com.zaxxer.hikari.HikariDataSource - HikariPool-1 - Shutdown initiated...
[2022-07-31 01:44:48:75058][SpringApplicationShutdownHook] INFO  com.zaxxer.hikari.HikariDataSource - HikariPool-1 - Shutdown completed.
[2022-07-31 01:44:56:857][background-preinit] INFO  o.h.validator.internal.util.Version - HV000001: Hibernate Validator 6.2.3.Final
[2022-07-31 01:44:56:856][restartedMain] INFO  com.myblog.MyblogApplication - Starting MyblogApplication using Java 11.0.13 on DESKTOP-P1F89EE with PID 11148 (C:\tools\spring\project\myblog\build\classes\java\main started by joddo in C:\tools\spring\project\myblog)
[2022-07-31 01:44:56:860][restartedMain] INFO  com.myblog.MyblogApplication - The following 7 profiles are active: "db", "oauth", "aws", "git", "sentry", "key", "local"
[2022-07-31 01:44:56:905][restartedMain] WARN  o.s.b.c.c.ConfigDataEnvironment - Property 'spring.profiles' imported from location 'class path resource [application-db.yml]' is invalid and should be replaced with 'spring.config.activate.on-profile' [origin: class path resource [application-db.yml] - 65:13]
[2022-07-31 01:44:56:905][restartedMain] WARN  o.s.b.c.c.ConfigDataEnvironment - Property 'spring.profiles' imported from location 'class path resource [application-db.yml]' is invalid and should be replaced with 'spring.config.activate.on-profile' [origin: class path resource [application-db.yml] - 43:13]
[2022-07-31 01:44:56:905][restartedMain] WARN  o.s.b.c.c.ConfigDataEnvironment - Property 'spring.profiles' imported from location 'class path resource [application-db.yml]' is invalid and should be replaced with 'spring.config.activate.on-profile' [origin: class path resource [application-db.yml] - 22:13]
[2022-07-31 01:44:56:905][restartedMain] WARN  o.s.b.c.c.ConfigDataEnvironment - Property 'spring.profiles' imported from location 'class path resource [application-db.yml]' is invalid and should be replaced with 'spring.config.activate.on-profile' [origin: class path resource [application-db.yml] - 2:13]
[2022-07-31 01:44:56:906][restartedMain] INFO  o.s.b.d.e.DevToolsPropertyDefaultsPostProcessor - Devtools property defaults active! Set 'spring.devtools.add-properties' to 'false' to disable
[2022-07-31 01:44:56:906][restartedMain] INFO  o.s.b.d.e.DevToolsPropertyDefaultsPostProcessor - For additional web related logging consider setting the 'logging.level.web' property to 'DEBUG'
[2022-07-31 01:44:57:1867][restartedMain] INFO  o.s.d.r.c.RepositoryConfigurationDelegate - Bootstrapping Spring Data JPA repositories in DEFAULT mode.
[2022-07-31 01:44:57:1992][restartedMain] INFO  o.s.d.r.c.RepositoryConfigurationDelegate - Finished Spring Data repository scanning in 119 ms. Found 7 JPA repository interfaces.
[2022-07-31 01:44:58:2446][restartedMain] INFO  o.s.c.s.PostProcessorRegistrationDelegate$BeanPostProcessorChecker - Bean 'io.sentry.spring.tracing.SentryAdviceConfiguration' of type [io.sentry.spring.tracing.SentryAdviceConfiguration] is not eligible for getting processed by all BeanPostProcessors (for example: not eligible for auto-proxying)
[2022-07-31 01:44:58:2452][restartedMain] INFO  o.s.c.s.PostProcessorRegistrationDelegate$BeanPostProcessorChecker - Bean 'io.sentry.spring.tracing.SentrySpanPointcutConfiguration' of type [io.sentry.spring.tracing.SentrySpanPointcutConfiguration] is not eligible for getting processed by all BeanPostProcessors (for example: not eligible for auto-proxying)
[2022-07-31 01:44:58:2455][restartedMain] INFO  o.s.c.s.PostProcessorRegistrationDelegate$BeanPostProcessorChecker - Bean 'sentrySpanPointcut' of type [org.springframework.aop.support.ComposablePointcut] is not eligible for getting processed by all BeanPostProcessors (for example: not eligible for auto-proxying)
[2022-07-31 01:44:58:2456][restartedMain] INFO  o.s.c.s.PostProcessorRegistrationDelegate$BeanPostProcessorChecker - Bean 'io.sentry.spring.boot.SentryAutoConfiguration$HubConfiguration' of type [io.sentry.spring.boot.SentryAutoConfiguration$HubConfiguration] is not eligible for getting processed by all BeanPostProcessors (for example: not eligible for auto-proxying)
[2022-07-31 01:44:58:2462][restartedMain] INFO  o.s.c.s.PostProcessorRegistrationDelegate$BeanPostProcessorChecker - Bean 'io.sentry.spring.boot.SentryAutoConfiguration$HubConfiguration$ContextTagsEventProcessorConfiguration' of type [io.sentry.spring.boot.SentryAutoConfiguration$HubConfiguration$ContextTagsEventProcessorConfiguration] is not eligible for getting processed by all BeanPostProcessors (for example: not eligible for auto-proxying)
[2022-07-31 01:44:59:3531][restartedMain] INFO  o.s.c.s.PostProcessorRegistrationDelegate$BeanPostProcessorChecker - Bean 'sentry-io.sentry.spring.boot.SentryProperties' of type [io.sentry.spring.boot.SentryProperties] is not eligible for getting processed by all BeanPostProcessors (for example: not eligible for auto-proxying)
[2022-07-31 01:44:59:3548][restartedMain] INFO  o.s.c.s.PostProcessorRegistrationDelegate$BeanPostProcessorChecker - Bean 'contextTagsEventProcessor' of type [io.sentry.spring.ContextTagsEventProcessor] is not eligible for getting processed by all BeanPostProcessors (for example: not eligible for auto-proxying)
[2022-07-31 01:44:59:3552][restartedMain] INFO  o.s.c.s.PostProcessorRegistrationDelegate$BeanPostProcessorChecker - Bean 'inAppPackagesResolver' of type [io.sentry.spring.boot.InAppIncludesResolver] is not eligible for getting processed by all BeanPostProcessors (for example: not eligible for auto-proxying)
[2022-07-31 01:44:59:3554][restartedMain] INFO  o.s.c.s.PostProcessorRegistrationDelegate$BeanPostProcessorChecker - Bean 'sentryOptionsConfiguration' of type [io.sentry.spring.boot.SentryAutoConfiguration$HubConfiguration$$Lambda$600/0x0000000800546040] is not eligible for getting processed by all BeanPostProcessors (for example: not eligible for auto-proxying)
[2022-07-31 01:44:59:3562][restartedMain] INFO  o.s.c.s.PostProcessorRegistrationDelegate$BeanPostProcessorChecker - Bean 'myblogApplication' of type [com.myblog.MyblogApplication$$EnhancerBySpringCGLIB$$e9017f08] is not eligible for getting processed by all BeanPostProcessors (for example: not eligible for auto-proxying)
[2022-07-31 01:44:59:3580][restartedMain] INFO  o.s.c.s.PostProcessorRegistrationDelegate$BeanPostProcessorChecker - Bean 'sentryHub' of type [io.sentry.HubAdapter] is not eligible for getting processed by all BeanPostProcessors (for example: not eligible for auto-proxying)
[2022-07-31 01:44:59:3591][restartedMain] INFO  o.s.c.s.PostProcessorRegistrationDelegate$BeanPostProcessorChecker - Bean 'sentrySpanAdvice' of type [io.sentry.spring.tracing.SentrySpanAdvice] is not eligible for getting processed by all BeanPostProcessors (for example: not eligible for auto-proxying)
[2022-07-31 01:44:59:3591][restartedMain] INFO  o.s.c.s.PostProcessorRegistrationDelegate$BeanPostProcessorChecker - Bean 'sentrySpanAdvisor' of type [org.springframework.aop.support.DefaultPointcutAdvisor] is not eligible for getting processed by all BeanPostProcessors (for example: not eligible for auto-proxying)
[2022-07-31 01:44:59:3592][restartedMain] INFO  o.s.c.s.PostProcessorRegistrationDelegate$BeanPostProcessorChecker - Bean 'io.sentry.spring.tracing.SentryTransactionPointcutConfiguration' of type [io.sentry.spring.tracing.SentryTransactionPointcutConfiguration] is not eligible for getting processed by all BeanPostProcessors (for example: not eligible for auto-proxying)
[2022-07-31 01:44:59:3593][restartedMain] INFO  o.s.c.s.PostProcessorRegistrationDelegate$BeanPostProcessorChecker - Bean 'sentryTransactionPointcut' of type [org.springframework.aop.support.ComposablePointcut] is not eligible for getting processed by all BeanPostProcessors (for example: not eligible for auto-proxying)
[2022-07-31 01:44:59:3594][restartedMain] INFO  o.s.c.s.PostProcessorRegistrationDelegate$BeanPostProcessorChecker - Bean 'sentryTransactionAdvice' of type [io.sentry.spring.tracing.SentryTransactionAdvice] is not eligible for getting processed by all BeanPostProcessors (for example: not eligible for auto-proxying)
[2022-07-31 01:44:59:3595][restartedMain] INFO  o.s.c.s.PostProcessorRegistrationDelegate$BeanPostProcessorChecker - Bean 'sentryTransactionAdvisor' of type [org.springframework.aop.support.DefaultPointcutAdvisor] is not eligible for getting processed by all BeanPostProcessors (for example: not eligible for auto-proxying)
[2022-07-31 01:44:59:4042][restartedMain] INFO  o.s.b.w.e.tomcat.TomcatWebServer - Tomcat initialized with port(s): 8080 (http)
[2022-07-31 01:44:59:4051][restartedMain] INFO  o.a.coyote.http11.Http11NioProtocol - Initializing ProtocolHandler ["http-nio-8080"]
[2022-07-31 01:44:59:4052][restartedMain] INFO  o.a.catalina.core.StandardService - Starting service [Tomcat]
[2022-07-31 01:44:59:4052][restartedMain] INFO  o.a.catalina.core.StandardEngine - Starting Servlet engine: [Apache Tomcat/9.0.60]
[2022-07-31 01:44:59:4192][restartedMain] INFO  o.a.c.c.C.[Tomcat].[localhost].[/] - Initializing Spring embedded WebApplicationContext
[2022-07-31 01:44:59:4193][restartedMain] INFO  o.s.b.w.s.c.ServletWebServerApplicationContext - Root WebApplicationContext: initialization completed in 3286 ms
[2022-07-31 01:44:59:4258][restartedMain] INFO  com.zaxxer.hikari.HikariDataSource - HikariPool-1 - Starting...
[2022-07-31 01:45:00:4381][restartedMain] INFO  com.zaxxer.hikari.HikariDataSource - HikariPool-1 - Start completed.
[2022-07-31 01:45:00:4390][restartedMain] INFO  o.s.b.a.h.H2ConsoleAutoConfiguration - H2 console available at '/h2-console'. Database available at 'jdbc:mysql://localhost:3306/myblog?allowPublicKeyRetrieval=true&characterEncoding=UTF-8&serverTimezone=UTC&useSSL=false&cacheDefaultTimezone=false'
[2022-07-31 01:45:00:4579][restartedMain] INFO  o.h.jpa.internal.util.LogHelper - HHH000204: Processing PersistenceUnitInfo [name: default]
[2022-07-31 01:45:00:4625][restartedMain] INFO  org.hibernate.Version - HHH000412: Hibernate ORM core version 5.6.7.Final
[2022-07-31 01:45:00:4769][restartedMain] INFO  o.h.annotations.common.Version - HCANN000001: Hibernate Commons Annotations {5.1.2.Final}
[2022-07-31 01:45:00:4881][restartedMain] INFO  org.hibernate.dialect.Dialect - HHH000400: Using dialect: org.hibernate.dialect.MySQL5InnoDBDialect
[2022-07-31 01:45:01:5704][restartedMain] INFO  o.h.e.t.j.p.i.JtaPlatformInitiator - HHH000490: Using JtaPlatform implementation: [org.hibernate.engine.transaction.jta.platform.internal.NoJtaPlatform]
[2022-07-31 01:45:01:5713][restartedMain] INFO  o.s.o.j.LocalContainerEntityManagerFactoryBean - Initialized JPA EntityManagerFactory for persistence unit 'default'
[2022-07-31 01:45:02:6985][restartedMain] WARN  o.s.b.a.o.j.JpaBaseConfiguration$JpaWebConfiguration - spring.jpa.open-in-view is enabled by default. Therefore, database queries may be performed during view rendering. Explicitly configure spring.jpa.open-in-view to disable this warning
[2022-07-31 01:45:02:7067][restartedMain] WARN  n.s.e.config.ConfigurationFactory - No configuration found. Configuring ehcache from ehcache-failsafe.xml  found in the classpath: jar:file:/C:/Users/joddo/.gradle/caches/modules-2/files-2.1/net.sf.ehcache/ehcache/2.10.9.2/642832b8def8968295e9eedb41cd8fd625786561/ehcache-2.10.9.2.jar!/ehcache-failsafe.xml
[2022-07-31 01:45:02:7302][restartedMain] WARN  o.s.s.c.a.web.builders.WebSecurity - You are asking Spring Security to ignore org.springframework.boot.autoconfigure.security.servlet.StaticResourceRequest$StaticResourceRequestMatcher@39816a09. This is not recommended -- please use permitAll via HttpSecurity#authorizeHttpRequests instead.
[2022-07-31 01:45:02:7303][restartedMain] INFO  o.s.s.w.DefaultSecurityFilterChain - Will secure org.springframework.boot.autoconfigure.security.servlet.StaticResourceRequest$StaticResourceRequestMatcher@39816a09 with []
[2022-07-31 01:45:03:7410][restartedMain] INFO  o.s.s.w.DefaultSecurityFilterChain - Will not secure any request
[2022-07-31 01:45:03:7794][restartedMain] INFO  o.s.b.a.w.s.WelcomePageHandlerMapping - Adding welcome page template: index
[2022-07-31 01:45:03:8178][restartedMain] INFO  o.s.b.d.a.OptionalLiveReloadServer - LiveReload server is running on port 35729
[2022-07-31 01:45:03:8206][restartedMain] INFO  o.a.coyote.http11.Http11NioProtocol - Starting ProtocolHandler ["http-nio-8080"]
[2022-07-31 01:45:03:8224][restartedMain] INFO  o.s.b.w.e.tomcat.TomcatWebServer - Tomcat started on port(s): 8080 (http) with context path ''
[2022-07-31 01:45:03:8234][restartedMain] INFO  com.myblog.MyblogApplication - Started MyblogApplication in 7.866 seconds (JVM running for 9.251)
[2022-07-31 01:45:04:8376][http-nio-8080-exec-1] INFO  o.a.c.c.C.[Tomcat].[localhost].[/] - Initializing Spring DispatcherServlet 'dispatcherServlet'
[2022-07-31 01:45:04:8377][http-nio-8080-exec-1] INFO  o.s.web.servlet.DispatcherServlet - Initializing Servlet 'dispatcherServlet'
[2022-07-31 01:45:04:8378][http-nio-8080-exec-1] INFO  o.s.web.servlet.DispatcherServlet - Completed initialization in 1 ms
[2022-07-31 01:45:04:8431][http-nio-8080-exec-1] INFO  com.myblog.common.log.LogTracer - ------------------------------0:0:0:0:0:0:0:1/d533311a's transaction start------------------------------
[2022-07-31 01:45:04:8431][http-nio-8080-exec-1] INFO  com.myblog.common.log.LogTracer - [0:0:0:0:0:0:0:1/d533311a] Return:String com.myblog.article.controller.ArticleController.index(Model) ,args = [{}]
[2022-07-31 01:45:04:8443][http-nio-8080-exec-1] INFO  com.myblog.common.log.LogTracer - [0:0:0:0:0:0:0:1/d533311a] |-->Return:List com.myblog.article.service.ArticleService.findPopularArticle() ,args = []
[2022-07-31 01:45:04:8446][http-nio-8080-exec-1] INFO  com.myblog.common.log.LogTracer - [0:0:0:0:0:0:0:1/d533311a] |   |-->Return:List com.myblog.article.repository.ArticleRepository.findTop6ByOrderByHitDesc() ,args = []
[2022-07-31 01:45:04:8500][http-nio-8080-exec-1] INFO  com.myblog.common.log.LogTracer - [0:0:0:0:0:0:0:1/d533311a] |   |<--Return:List com.myblog.article.repository.ArticleRepository.findTop6ByOrderByHitDesc() time = 54ms
[2022-07-31 01:45:04:8501][http-nio-8080-exec-1] INFO  com.myblog.common.log.LogTracer - [0:0:0:0:0:0:0:1/d533311a] |<--Return:List com.myblog.article.service.ArticleService.findPopularArticle() time = 59ms
[2022-07-31 01:45:04:8502][http-nio-8080-exec-1] INFO  com.myblog.common.log.LogTracer - [0:0:0:0:0:0:0:1/d533311a] Return:String com.myblog.article.controller.ArticleController.index(Model) time = 71ms
[2022-07-31 01:45:04:8506][http-nio-8080-exec-1] INFO  com.myblog.common.log.LogTracer - -------------------------------0:0:0:0:0:0:0:1/d533311a's transaction end/71ms-------------------------
[2022-07-31 01:45:04:8515][http-nio-8080-exec-1] INFO  com.myblog.common.log.LogTracer - ------------------------------0:0:0:0:0:0:0:1/1e7ce3f4's transaction start------------------------------
[2022-07-31 01:45:04:8515][http-nio-8080-exec-1] INFO  com.myblog.common.log.LogTracer - [0:0:0:0:0:0:0:1/1e7ce3f4] Return:CategoryListDto com.myblog.category.service.CategoryService.findSidebarCategory() ,args = []
[2022-07-31 01:45:04:8546][http-nio-8080-exec-1] INFO  com.myblog.common.log.LogTracer - [0:0:0:0:0:0:0:1/1e7ce3f4] |-->Return:List com.myblog.category.resposiotry.CategoryRepository.findCategoryCount() ,args = []
[2022-07-31 01:45:04:8551][http-nio-8080-exec-1] INFO  com.myblog.common.log.LogTracer - [0:0:0:0:0:0:0:1/1e7ce3f4] |<--Return:List com.myblog.category.resposiotry.CategoryRepository.findCategoryCount() time = 5ms
[2022-07-31 01:45:04:8552][http-nio-8080-exec-1] INFO  com.myblog.common.log.LogTracer - [0:0:0:0:0:0:0:1/1e7ce3f4] Return:CategoryListDto com.myblog.category.service.CategoryService.findSidebarCategory() time = 37ms
[2022-07-31 01:45:04:8552][http-nio-8080-exec-1] INFO  com.myblog.common.log.LogTracer - -------------------------------0:0:0:0:0:0:0:1/1e7ce3f4's transaction end/37ms-------------------------
[2022-07-31 01:45:04:8554][http-nio-8080-exec-1] INFO  com.myblog.common.log.LogTracer - ------------------------------0:0:0:0:0:0:0:1/33e8aed0's transaction start------------------------------
[2022-07-31 01:45:04:8554][http-nio-8080-exec-1] INFO  com.myblog.common.log.LogTracer - [0:0:0:0:0:0:0:1/33e8aed0] Return:List com.myblog.comment.service.CommentService.findRecentComment() ,args = []
[2022-07-31 01:45:04:8557][http-nio-8080-exec-1] INFO  com.myblog.common.log.LogTracer - [0:0:0:0:0:0:0:1/33e8aed0] |-->Return:List com.myblog.comment.repository.CommentRepository.findTop5ByOrderByIdDesc() ,args = []
[2022-07-31 01:45:04:8562][http-nio-8080-exec-1] INFO  com.myblog.common.log.LogTracer - [0:0:0:0:0:0:0:1/33e8aed0] |<--Return:List com.myblog.comment.repository.CommentRepository.findTop5ByOrderByIdDesc() time = 5ms
[2022-07-31 01:45:04:8567][http-nio-8080-exec-1] INFO  com.myblog.common.log.LogTracer - [0:0:0:0:0:0:0:1/33e8aed0] Return:List com.myblog.comment.service.CommentService.findRecentComment() time = 13ms
[2022-07-31 01:45:04:8567][http-nio-8080-exec-1] INFO  com.myblog.common.log.LogTracer - -------------------------------0:0:0:0:0:0:0:1/33e8aed0's transaction end/13ms-------------------------
[2022-07-31 01:45:07:11880][http-nio-8080-exec-4] INFO  com.myblog.common.log.LogTracer - ------------------------------0:0:0:0:0:0:0:1/72e959fb's transaction start------------------------------
[2022-07-31 01:45:07:11880][http-nio-8080-exec-4] INFO  com.myblog.common.log.LogTracer - [0:0:0:0:0:0:0:1/72e959fb] Return:String com.myblog.article.controller.ArticleController.index(Model) ,args = [{}]
[2022-07-31 01:45:07:11881][http-nio-8080-exec-4] INFO  com.myblog.common.log.LogTracer - [0:0:0:0:0:0:0:1/72e959fb] |-->Return:List com.myblog.article.service.ArticleService.findPopularArticle() ,args = []
[2022-07-31 01:45:07:11881][http-nio-8080-exec-4] INFO  com.myblog.common.log.LogTracer - [0:0:0:0:0:0:0:1/72e959fb] |   |-->Return:List com.myblog.article.repository.ArticleRepository.findTop6ByOrderByHitDesc() ,args = []
[2022-07-31 01:45:07:11885][http-nio-8080-exec-4] INFO  com.myblog.common.log.LogTracer - [0:0:0:0:0:0:0:1/72e959fb] |   |<--Return:List com.myblog.article.repository.ArticleRepository.findTop6ByOrderByHitDesc() time = 4ms
[2022-07-31 01:45:07:11885][http-nio-8080-exec-4] INFO  com.myblog.common.log.LogTracer - [0:0:0:0:0:0:0:1/72e959fb] |<--Return:List com.myblog.article.service.ArticleService.findPopularArticle() time = 4ms
[2022-07-31 01:45:07:11885][http-nio-8080-exec-4] INFO  com.myblog.common.log.LogTracer - [0:0:0:0:0:0:0:1/72e959fb] Return:String com.myblog.article.controller.ArticleController.index(Model) time = 5ms
[2022-07-31 01:45:07:11885][http-nio-8080-exec-4] INFO  com.myblog.common.log.LogTracer - -------------------------------0:0:0:0:0:0:0:1/72e959fb's transaction end/5ms-------------------------
[2022-07-31 01:45:07:11887][http-nio-8080-exec-4] INFO  com.myblog.common.log.LogTracer - ------------------------------0:0:0:0:0:0:0:1/8b290c08's transaction start------------------------------
[2022-07-31 01:45:07:11887][http-nio-8080-exec-4] INFO  com.myblog.common.log.LogTracer - [0:0:0:0:0:0:0:1/8b290c08] Return:List com.myblog.comment.service.CommentService.findRecentComment() ,args = []
[2022-07-31 01:45:07:11887][http-nio-8080-exec-4] INFO  com.myblog.common.log.LogTracer - [0:0:0:0:0:0:0:1/8b290c08] |-->Return:List com.myblog.comment.repository.CommentRepository.findTop5ByOrderByIdDesc() ,args = []
[2022-07-31 01:45:07:11890][http-nio-8080-exec-4] INFO  com.myblog.common.log.LogTracer - [0:0:0:0:0:0:0:1/8b290c08] |<--Return:List com.myblog.comment.repository.CommentRepository.findTop5ByOrderByIdDesc() time = 3ms
[2022-07-31 01:45:07:11894][http-nio-8080-exec-4] INFO  com.myblog.common.log.LogTracer - [0:0:0:0:0:0:0:1/8b290c08] Return:List com.myblog.comment.service.CommentService.findRecentComment() time = 7ms
[2022-07-31 01:45:07:11894][http-nio-8080-exec-4] INFO  com.myblog.common.log.LogTracer - -------------------------------0:0:0:0:0:0:0:1/8b290c08's transaction end/7ms-------------------------
[2022-07-31 01:45:36:40624][http-nio-8080-exec-6] INFO  com.myblog.common.log.LogTracer - ------------------------------127.0.0.1/d01bc9af's transaction start------------------------------
[2022-07-31 01:45:36:40625][http-nio-8080-exec-6] INFO  com.myblog.common.log.LogTracer - [127.0.0.1/d01bc9af] Return:String com.myblog.article.controller.ArticleController.index(Model) ,args = [{}]
[2022-07-31 01:45:36:40626][http-nio-8080-exec-6] INFO  com.myblog.common.log.LogTracer - [127.0.0.1/d01bc9af] |-->Return:List com.myblog.article.service.ArticleService.findPopularArticle() ,args = []
[2022-07-31 01:45:36:40626][http-nio-8080-exec-6] INFO  com.myblog.common.log.LogTracer - [127.0.0.1/d01bc9af] |   |-->Return:List com.myblog.article.repository.ArticleRepository.findTop6ByOrderByHitDesc() ,args = []
[2022-07-31 01:45:36:40631][http-nio-8080-exec-6] INFO  com.myblog.common.log.LogTracer - [127.0.0.1/d01bc9af] |   |<--Return:List com.myblog.article.repository.ArticleRepository.findTop6ByOrderByHitDesc() time = 5ms
[2022-07-31 01:45:36:40631][http-nio-8080-exec-6] INFO  com.myblog.common.log.LogTracer - [127.0.0.1/d01bc9af] |<--Return:List com.myblog.article.service.ArticleService.findPopularArticle() time = 5ms
[2022-07-31 01:45:36:40632][http-nio-8080-exec-6] INFO  com.myblog.common.log.LogTracer - [127.0.0.1/d01bc9af] Return:String com.myblog.article.controller.ArticleController.index(Model) time = 8ms
[2022-07-31 01:45:36:40632][http-nio-8080-exec-6] INFO  com.myblog.common.log.LogTracer - -------------------------------127.0.0.1/d01bc9af's transaction end/8ms-------------------------
[2022-07-31 01:45:36:40633][http-nio-8080-exec-6] INFO  com.myblog.common.log.LogTracer - ------------------------------127.0.0.1/a15fd361's transaction start------------------------------
[2022-07-31 01:45:36:40633][http-nio-8080-exec-6] INFO  com.myblog.common.log.LogTracer - [127.0.0.1/a15fd361] Return:List com.myblog.comment.service.CommentService.findRecentComment() ,args = []
[2022-07-31 01:45:36:40633][http-nio-8080-exec-6] INFO  com.myblog.common.log.LogTracer - [127.0.0.1/a15fd361] |-->Return:List com.myblog.comment.repository.CommentRepository.findTop5ByOrderByIdDesc() ,args = []
[2022-07-31 01:45:36:40635][http-nio-8080-exec-6] INFO  com.myblog.common.log.LogTracer - [127.0.0.1/a15fd361] |<--Return:List com.myblog.comment.repository.CommentRepository.findTop5ByOrderByIdDesc() time = 2ms
[2022-07-31 01:45:36:40639][http-nio-8080-exec-6] INFO  com.myblog.common.log.LogTracer - [127.0.0.1/a15fd361] Return:List com.myblog.comment.service.CommentService.findRecentComment() time = 6ms
[2022-07-31 01:45:36:40639][http-nio-8080-exec-6] INFO  com.myblog.common.log.LogTracer - -------------------------------127.0.0.1/a15fd361's transaction end/6ms-------------------------
[2022-07-31 01:46:27:91949][SpringApplicationShutdownHook] INFO  o.s.o.j.LocalContainerEntityManagerFactoryBean - Closing JPA EntityManagerFactory for persistence unit 'default'
[2022-07-31 01:46:27:91952][SpringApplicationShutdownHook] INFO  com.zaxxer.hikari.HikariDataSource - HikariPool-1 - Shutdown initiated...
[2022-07-31 01:46:27:91959][SpringApplicationShutdownHook] INFO  com.zaxxer.hikari.HikariDataSource - HikariPool-1 - Shutdown completed.
[2022-07-31 01:46:35:812][background-preinit] INFO  o.h.validator.internal.util.Version - HV000001: Hibernate Validator 6.2.3.Final
[2022-07-31 01:46:35:811][restartedMain] INFO  com.myblog.MyblogApplication - Starting MyblogApplication using Java 11.0.13 on DESKTOP-P1F89EE with PID 22168 (C:\tools\spring\project\myblog\build\classes\java\main started by joddo in C:\tools\spring\project\myblog)
[2022-07-31 01:46:35:813][restartedMain] INFO  com.myblog.MyblogApplication - The following 7 profiles are active: "db", "oauth", "aws", "git", "sentry", "key", "local"
[2022-07-31 01:46:35:855][restartedMain] WARN  o.s.b.c.c.ConfigDataEnvironment - Property 'spring.profiles' imported from location 'class path resource [application-db.yml]' is invalid and should be replaced with 'spring.config.activate.on-profile' [origin: class path resource [application-db.yml] - 65:13]
[2022-07-31 01:46:35:855][restartedMain] WARN  o.s.b.c.c.ConfigDataEnvironment - Property 'spring.profiles' imported from location 'class path resource [application-db.yml]' is invalid and should be replaced with 'spring.config.activate.on-profile' [origin: class path resource [application-db.yml] - 43:13]
[2022-07-31 01:46:35:855][restartedMain] WARN  o.s.b.c.c.ConfigDataEnvironment - Property 'spring.profiles' imported from location 'class path resource [application-db.yml]' is invalid and should be replaced with 'spring.config.activate.on-profile' [origin: class path resource [application-db.yml] - 22:13]
[2022-07-31 01:46:35:855][restartedMain] WARN  o.s.b.c.c.ConfigDataEnvironment - Property 'spring.profiles' imported from location 'class path resource [application-db.yml]' is invalid and should be replaced with 'spring.config.activate.on-profile' [origin: class path resource [application-db.yml] - 2:13]
[2022-07-31 01:46:35:856][restartedMain] INFO  o.s.b.d.e.DevToolsPropertyDefaultsPostProcessor - Devtools property defaults active! Set 'spring.devtools.add-properties' to 'false' to disable
[2022-07-31 01:46:35:856][restartedMain] INFO  o.s.b.d.e.DevToolsPropertyDefaultsPostProcessor - For additional web related logging consider setting the 'logging.level.web' property to 'DEBUG'
[2022-07-31 01:46:36:1783][restartedMain] INFO  o.s.d.r.c.RepositoryConfigurationDelegate - Bootstrapping Spring Data JPA repositories in DEFAULT mode.
[2022-07-31 01:46:36:1911][restartedMain] INFO  o.s.d.r.c.RepositoryConfigurationDelegate - Finished Spring Data repository scanning in 121 ms. Found 7 JPA repository interfaces.
[2022-07-31 01:46:37:2366][restartedMain] INFO  o.s.c.s.PostProcessorRegistrationDelegate$BeanPostProcessorChecker - Bean 'io.sentry.spring.tracing.SentryAdviceConfiguration' of type [io.sentry.spring.tracing.SentryAdviceConfiguration] is not eligible for getting processed by all BeanPostProcessors (for example: not eligible for auto-proxying)
[2022-07-31 01:46:37:2372][restartedMain] INFO  o.s.c.s.PostProcessorRegistrationDelegate$BeanPostProcessorChecker - Bean 'io.sentry.spring.tracing.SentrySpanPointcutConfiguration' of type [io.sentry.spring.tracing.SentrySpanPointcutConfiguration] is not eligible for getting processed by all BeanPostProcessors (for example: not eligible for auto-proxying)
[2022-07-31 01:46:37:2374][restartedMain] INFO  o.s.c.s.PostProcessorRegistrationDelegate$BeanPostProcessorChecker - Bean 'sentrySpanPointcut' of type [org.springframework.aop.support.ComposablePointcut] is not eligible for getting processed by all BeanPostProcessors (for example: not eligible for auto-proxying)
[2022-07-31 01:46:37:2376][restartedMain] INFO  o.s.c.s.PostProcessorRegistrationDelegate$BeanPostProcessorChecker - Bean 'io.sentry.spring.boot.SentryAutoConfiguration$HubConfiguration' of type [io.sentry.spring.boot.SentryAutoConfiguration$HubConfiguration] is not eligible for getting processed by all BeanPostProcessors (for example: not eligible for auto-proxying)
[2022-07-31 01:46:37:2382][restartedMain] INFO  o.s.c.s.PostProcessorRegistrationDelegate$BeanPostProcessorChecker - Bean 'io.sentry.spring.boot.SentryAutoConfiguration$HubConfiguration$ContextTagsEventProcessorConfiguration' of type [io.sentry.spring.boot.SentryAutoConfiguration$HubConfiguration$ContextTagsEventProcessorConfiguration] is not eligible for getting processed by all BeanPostProcessors (for example: not eligible for auto-proxying)
[2022-07-31 01:46:38:3448][restartedMain] INFO  o.s.c.s.PostProcessorRegistrationDelegate$BeanPostProcessorChecker - Bean 'sentry-io.sentry.spring.boot.SentryProperties' of type [io.sentry.spring.boot.SentryProperties] is not eligible for getting processed by all BeanPostProcessors (for example: not eligible for auto-proxying)
[2022-07-31 01:46:38:3466][restartedMain] INFO  o.s.c.s.PostProcessorRegistrationDelegate$BeanPostProcessorChecker - Bean 'contextTagsEventProcessor' of type [io.sentry.spring.ContextTagsEventProcessor] is not eligible for getting processed by all BeanPostProcessors (for example: not eligible for auto-proxying)
[2022-07-31 01:46:38:3471][restartedMain] INFO  o.s.c.s.PostProcessorRegistrationDelegate$BeanPostProcessorChecker - Bean 'inAppPackagesResolver' of type [io.sentry.spring.boot.InAppIncludesResolver] is not eligible for getting processed by all BeanPostProcessors (for example: not eligible for auto-proxying)
[2022-07-31 01:46:38:3473][restartedMain] INFO  o.s.c.s.PostProcessorRegistrationDelegate$BeanPostProcessorChecker - Bean 'sentryOptionsConfiguration' of type [io.sentry.spring.boot.SentryAutoConfiguration$HubConfiguration$$Lambda$600/0x0000000800546040] is not eligible for getting processed by all BeanPostProcessors (for example: not eligible for auto-proxying)
[2022-07-31 01:46:38:3481][restartedMain] INFO  o.s.c.s.PostProcessorRegistrationDelegate$BeanPostProcessorChecker - Bean 'myblogApplication' of type [com.myblog.MyblogApplication$$EnhancerBySpringCGLIB$$46c53c35] is not eligible for getting processed by all BeanPostProcessors (for example: not eligible for auto-proxying)
[2022-07-31 01:46:38:3502][restartedMain] INFO  o.s.c.s.PostProcessorRegistrationDelegate$BeanPostProcessorChecker - Bean 'sentryHub' of type [io.sentry.HubAdapter] is not eligible for getting processed by all BeanPostProcessors (for example: not eligible for auto-proxying)
[2022-07-31 01:46:38:3516][restartedMain] INFO  o.s.c.s.PostProcessorRegistrationDelegate$BeanPostProcessorChecker - Bean 'sentrySpanAdvice' of type [io.sentry.spring.tracing.SentrySpanAdvice] is not eligible for getting processed by all BeanPostProcessors (for example: not eligible for auto-proxying)
[2022-07-31 01:46:38:3516][restartedMain] INFO  o.s.c.s.PostProcessorRegistrationDelegate$BeanPostProcessorChecker - Bean 'sentrySpanAdvisor' of type [org.springframework.aop.support.DefaultPointcutAdvisor] is not eligible for getting processed by all BeanPostProcessors (for example: not eligible for auto-proxying)
[2022-07-31 01:46:38:3517][restartedMain] INFO  o.s.c.s.PostProcessorRegistrationDelegate$BeanPostProcessorChecker - Bean 'io.sentry.spring.tracing.SentryTransactionPointcutConfiguration' of type [io.sentry.spring.tracing.SentryTransactionPointcutConfiguration] is not eligible for getting processed by all BeanPostProcessors (for example: not eligible for auto-proxying)
[2022-07-31 01:46:38:3518][restartedMain] INFO  o.s.c.s.PostProcessorRegistrationDelegate$BeanPostProcessorChecker - Bean 'sentryTransactionPointcut' of type [org.springframework.aop.support.ComposablePointcut] is not eligible for getting processed by all BeanPostProcessors (for example: not eligible for auto-proxying)
[2022-07-31 01:46:38:3520][restartedMain] INFO  o.s.c.s.PostProcessorRegistrationDelegate$BeanPostProcessorChecker - Bean 'sentryTransactionAdvice' of type [io.sentry.spring.tracing.SentryTransactionAdvice] is not eligible for getting processed by all BeanPostProcessors (for example: not eligible for auto-proxying)
[2022-07-31 01:46:38:3520][restartedMain] INFO  o.s.c.s.PostProcessorRegistrationDelegate$BeanPostProcessorChecker - Bean 'sentryTransactionAdvisor' of type [org.springframework.aop.support.DefaultPointcutAdvisor] is not eligible for getting processed by all BeanPostProcessors (for example: not eligible for auto-proxying)
[2022-07-31 01:46:38:3978][restartedMain] INFO  o.s.b.w.e.tomcat.TomcatWebServer - Tomcat initialized with port(s): 8080 (http)
[2022-07-31 01:46:38:3997][restartedMain] INFO  o.a.coyote.http11.Http11NioProtocol - Initializing ProtocolHandler ["http-nio-8080"]
[2022-07-31 01:46:38:3997][restartedMain] INFO  o.a.catalina.core.StandardService - Starting service [Tomcat]
[2022-07-31 01:46:38:3997][restartedMain] INFO  o.a.catalina.core.StandardEngine - Starting Servlet engine: [Apache Tomcat/9.0.60]
[2022-07-31 01:46:38:4125][restartedMain] INFO  o.a.c.c.C.[Tomcat].[localhost].[/] - Initializing Spring embedded WebApplicationContext
[2022-07-31 01:46:38:4125][restartedMain] INFO  o.s.b.w.s.c.ServletWebServerApplicationContext - Root WebApplicationContext: initialization completed in 3268 ms
[2022-07-31 01:46:39:4188][restartedMain] INFO  com.zaxxer.hikari.HikariDataSource - HikariPool-1 - Starting...
[2022-07-31 01:46:39:4318][restartedMain] INFO  com.zaxxer.hikari.HikariDataSource - HikariPool-1 - Start completed.
[2022-07-31 01:46:39:4327][restartedMain] INFO  o.s.b.a.h.H2ConsoleAutoConfiguration - H2 console available at '/h2-console'. Database available at 'jdbc:mysql://localhost:3306/myblog?allowPublicKeyRetrieval=true&characterEncoding=UTF-8&serverTimezone=UTC&useSSL=false&cacheDefaultTimezone=false'
[2022-07-31 01:46:39:4506][restartedMain] INFO  o.h.jpa.internal.util.LogHelper - HHH000204: Processing PersistenceUnitInfo [name: default]
[2022-07-31 01:46:39:4560][restartedMain] INFO  org.hibernate.Version - HHH000412: Hibernate ORM core version 5.6.7.Final
[2022-07-31 01:46:39:4711][restartedMain] INFO  o.h.annotations.common.Version - HCANN000001: Hibernate Commons Annotations {5.1.2.Final}
[2022-07-31 01:46:39:4821][restartedMain] INFO  org.hibernate.dialect.Dialect - HHH000400: Using dialect: org.hibernate.dialect.MySQL5InnoDBDialect
[2022-07-31 01:46:40:5659][restartedMain] INFO  o.h.e.t.j.p.i.JtaPlatformInitiator - HHH000490: Using JtaPlatform implementation: [org.hibernate.engine.transaction.jta.platform.internal.NoJtaPlatform]
[2022-07-31 01:46:40:5669][restartedMain] INFO  o.s.o.j.LocalContainerEntityManagerFactoryBean - Initialized JPA EntityManagerFactory for persistence unit 'default'
[2022-07-31 01:46:41:6997][restartedMain] WARN  o.s.b.a.o.j.JpaBaseConfiguration$JpaWebConfiguration - spring.jpa.open-in-view is enabled by default. Therefore, database queries may be performed during view rendering. Explicitly configure spring.jpa.open-in-view to disable this warning
[2022-07-31 01:46:41:7076][restartedMain] WARN  n.s.e.config.ConfigurationFactory - No configuration found. Configuring ehcache from ehcache-failsafe.xml  found in the classpath: jar:file:/C:/Users/joddo/.gradle/caches/modules-2/files-2.1/net.sf.ehcache/ehcache/2.10.9.2/642832b8def8968295e9eedb41cd8fd625786561/ehcache-2.10.9.2.jar!/ehcache-failsafe.xml
[2022-07-31 01:46:42:7319][restartedMain] WARN  o.s.s.c.a.web.builders.WebSecurity - You are asking Spring Security to ignore org.springframework.boot.autoconfigure.security.servlet.StaticResourceRequest$StaticResourceRequestMatcher@68204eb4. This is not recommended -- please use permitAll via HttpSecurity#authorizeHttpRequests instead.
[2022-07-31 01:46:42:7320][restartedMain] INFO  o.s.s.w.DefaultSecurityFilterChain - Will secure org.springframework.boot.autoconfigure.security.servlet.StaticResourceRequest$StaticResourceRequestMatcher@68204eb4 with []
[2022-07-31 01:46:42:7425][restartedMain] INFO  o.s.s.w.DefaultSecurityFilterChain - Will not secure any request
[2022-07-31 01:46:42:7783][restartedMain] INFO  o.s.b.a.w.s.WelcomePageHandlerMapping - Adding welcome page template: index
[2022-07-31 01:46:43:8173][restartedMain] INFO  o.s.b.d.a.OptionalLiveReloadServer - LiveReload server is running on port 35729
[2022-07-31 01:46:43:8202][restartedMain] INFO  o.a.coyote.http11.Http11NioProtocol - Starting ProtocolHandler ["http-nio-8080"]
[2022-07-31 01:46:43:8221][restartedMain] INFO  o.s.b.w.e.tomcat.TomcatWebServer - Tomcat started on port(s): 8080 (http) with context path ''
[2022-07-31 01:46:43:8230][restartedMain] INFO  com.myblog.MyblogApplication - Started MyblogApplication in 7.864 seconds (JVM running for 9.266)
[2022-07-31 01:46:46:12040][http-nio-8080-exec-1] INFO  o.a.c.c.C.[Tomcat].[localhost].[/] - Initializing Spring DispatcherServlet 'dispatcherServlet'
[2022-07-31 01:46:46:12040][http-nio-8080-exec-1] INFO  o.s.web.servlet.DispatcherServlet - Initializing Servlet 'dispatcherServlet'
[2022-07-31 01:46:46:12042][http-nio-8080-exec-1] INFO  o.s.web.servlet.DispatcherServlet - Completed initialization in 1 ms
[2022-07-31 01:46:46:12097][http-nio-8080-exec-1] INFO  com.myblog.common.log.LogTracer - ------------------------------0:0:0:0:0:0:0:1/efdf92c9's transaction start------------------------------
[2022-07-31 01:46:46:12097][http-nio-8080-exec-1] INFO  com.myblog.common.log.LogTracer - [0:0:0:0:0:0:0:1/efdf92c9] Return:String com.myblog.article.controller.ArticleController.index(Model) ,args = [{}]
[2022-07-31 01:46:46:12108][http-nio-8080-exec-1] INFO  com.myblog.common.log.LogTracer - [0:0:0:0:0:0:0:1/efdf92c9] |-->Return:List com.myblog.article.service.ArticleService.findPopularArticle() ,args = []
[2022-07-31 01:46:46:12112][http-nio-8080-exec-1] INFO  com.myblog.common.log.LogTracer - [0:0:0:0:0:0:0:1/efdf92c9] |   |-->Return:List com.myblog.article.repository.ArticleRepository.findTop6ByOrderByHitDesc() ,args = []
[2022-07-31 01:46:47:12166][http-nio-8080-exec-1] INFO  com.myblog.common.log.LogTracer - [0:0:0:0:0:0:0:1/efdf92c9] |   |<--Return:List com.myblog.article.repository.ArticleRepository.findTop6ByOrderByHitDesc() time = 54ms
[2022-07-31 01:46:47:12167][http-nio-8080-exec-1] INFO  com.myblog.common.log.LogTracer - [0:0:0:0:0:0:0:1/efdf92c9] |<--Return:List com.myblog.article.service.ArticleService.findPopularArticle() time = 59ms
[2022-07-31 01:46:47:12168][http-nio-8080-exec-1] INFO  com.myblog.common.log.LogTracer - [0:0:0:0:0:0:0:1/efdf92c9] Return:String com.myblog.article.controller.ArticleController.index(Model) time = 71ms
[2022-07-31 01:46:47:12172][http-nio-8080-exec-1] INFO  com.myblog.common.log.LogTracer - -------------------------------0:0:0:0:0:0:0:1/efdf92c9's transaction end/71ms-------------------------
[2022-07-31 01:46:47:12181][http-nio-8080-exec-1] INFO  com.myblog.common.log.LogTracer - ------------------------------0:0:0:0:0:0:0:1/a9e5426b's transaction start------------------------------
[2022-07-31 01:46:47:12181][http-nio-8080-exec-1] INFO  com.myblog.common.log.LogTracer - [0:0:0:0:0:0:0:1/a9e5426b] Return:CategoryListDto com.myblog.category.service.CategoryService.findSidebarCategory() ,args = []
[2022-07-31 01:46:47:12210][http-nio-8080-exec-1] INFO  com.myblog.common.log.LogTracer - [0:0:0:0:0:0:0:1/a9e5426b] |-->Return:List com.myblog.category.resposiotry.CategoryRepository.findCategoryCount() ,args = []
[2022-07-31 01:46:47:12215][http-nio-8080-exec-1] INFO  com.myblog.common.log.LogTracer - [0:0:0:0:0:0:0:1/a9e5426b] |<--Return:List com.myblog.category.resposiotry.CategoryRepository.findCategoryCount() time = 5ms
[2022-07-31 01:46:47:12215][http-nio-8080-exec-1] INFO  com.myblog.common.log.LogTracer - [0:0:0:0:0:0:0:1/a9e5426b] Return:CategoryListDto com.myblog.category.service.CategoryService.findSidebarCategory() time = 34ms
[2022-07-31 01:46:47:12215][http-nio-8080-exec-1] INFO  com.myblog.common.log.LogTracer - -------------------------------0:0:0:0:0:0:0:1/a9e5426b's transaction end/34ms-------------------------
[2022-07-31 01:46:47:12218][http-nio-8080-exec-1] INFO  com.myblog.common.log.LogTracer - ------------------------------0:0:0:0:0:0:0:1/9595f5d9's transaction start------------------------------
[2022-07-31 01:46:47:12218][http-nio-8080-exec-1] INFO  com.myblog.common.log.LogTracer - [0:0:0:0:0:0:0:1/9595f5d9] Return:List com.myblog.comment.service.CommentService.findRecentComment() ,args = []
[2022-07-31 01:46:47:12220][http-nio-8080-exec-1] INFO  com.myblog.common.log.LogTracer - [0:0:0:0:0:0:0:1/9595f5d9] |-->Return:List com.myblog.comment.repository.CommentRepository.findTop5ByOrderByIdDesc() ,args = []
[2022-07-31 01:46:47:12225][http-nio-8080-exec-1] INFO  com.myblog.common.log.LogTracer - [0:0:0:0:0:0:0:1/9595f5d9] |<--Return:List com.myblog.comment.repository.CommentRepository.findTop5ByOrderByIdDesc() time = 5ms
[2022-07-31 01:46:47:12229][http-nio-8080-exec-1] INFO  com.myblog.common.log.LogTracer - [0:0:0:0:0:0:0:1/9595f5d9] Return:List com.myblog.comment.service.CommentService.findRecentComment() time = 11ms
[2022-07-31 01:46:47:12229][http-nio-8080-exec-1] INFO  com.myblog.common.log.LogTracer - -------------------------------0:0:0:0:0:0:0:1/9595f5d9's transaction end/11ms-------------------------
[2022-07-31 01:46:49:14649][http-nio-8080-exec-3] INFO  com.myblog.common.log.LogTracer - ------------------------------0:0:0:0:0:0:0:1/128de7ec's transaction start------------------------------
[2022-07-31 01:46:49:14650][http-nio-8080-exec-3] INFO  com.myblog.common.log.LogTracer - [0:0:0:0:0:0:0:1/128de7ec] Return:String com.myblog.article.controller.ArticleController.index(Model) ,args = [{}]
[2022-07-31 01:46:49:14651][http-nio-8080-exec-3] INFO  com.myblog.common.log.LogTracer - [0:0:0:0:0:0:0:1/128de7ec] |-->Return:List com.myblog.article.service.ArticleService.findPopularArticle() ,args = []
[2022-07-31 01:46:49:14651][http-nio-8080-exec-3] INFO  com.myblog.common.log.LogTracer - [0:0:0:0:0:0:0:1/128de7ec] |   |-->Return:List com.myblog.article.repository.ArticleRepository.findTop6ByOrderByHitDesc() ,args = []
[2022-07-31 01:46:49:14656][http-nio-8080-exec-3] INFO  com.myblog.common.log.LogTracer - [0:0:0:0:0:0:0:1/128de7ec] |   |<--Return:List com.myblog.article.repository.ArticleRepository.findTop6ByOrderByHitDesc() time = 5ms
[2022-07-31 01:46:49:14656][http-nio-8080-exec-3] INFO  com.myblog.common.log.LogTracer - [0:0:0:0:0:0:0:1/128de7ec] |<--Return:List com.myblog.article.service.ArticleService.findPopularArticle() time = 5ms
[2022-07-31 01:46:49:14657][http-nio-8080-exec-3] INFO  com.myblog.common.log.LogTracer - [0:0:0:0:0:0:0:1/128de7ec] Return:String com.myblog.article.controller.ArticleController.index(Model) time = 8ms
[2022-07-31 01:46:49:14657][http-nio-8080-exec-3] INFO  com.myblog.common.log.LogTracer - -------------------------------0:0:0:0:0:0:0:1/128de7ec's transaction end/8ms-------------------------
[2022-07-31 01:48:22:108000][http-nio-8080-exec-10] INFO  com.myblog.common.log.LogTracer - ------------------------------0:0:0:0:0:0:0:1/ea60fa43's transaction start------------------------------
[2022-07-31 01:48:22:108001][http-nio-8080-exec-10] INFO  com.myblog.common.log.LogTracer - [0:0:0:0:0:0:0:1/ea60fa43] Return:String com.myblog.article.controller.ArticleController.index(Model) ,args = [{}]
[2022-07-31 01:48:22:108002][http-nio-8080-exec-10] INFO  com.myblog.common.log.LogTracer - [0:0:0:0:0:0:0:1/ea60fa43] |-->Return:List com.myblog.article.service.ArticleService.findPopularArticle() ,args = []
[2022-07-31 01:48:22:108003][http-nio-8080-exec-10] INFO  com.myblog.common.log.LogTracer - [0:0:0:0:0:0:0:1/ea60fa43] |   |-->Return:List com.myblog.article.repository.ArticleRepository.findTop6ByOrderByHitDesc() ,args = []
[2022-07-31 01:48:22:108009][http-nio-8080-exec-10] INFO  com.myblog.common.log.LogTracer - [0:0:0:0:0:0:0:1/ea60fa43] |   |<--Return:List com.myblog.article.repository.ArticleRepository.findTop6ByOrderByHitDesc() time = 6ms
[2022-07-31 01:48:22:108010][http-nio-8080-exec-10] INFO  com.myblog.common.log.LogTracer - [0:0:0:0:0:0:0:1/ea60fa43] |<--Return:List com.myblog.article.service.ArticleService.findPopularArticle() time = 8ms
[2022-07-31 01:48:22:108010][http-nio-8080-exec-10] INFO  com.myblog.common.log.LogTracer - [0:0:0:0:0:0:0:1/ea60fa43] Return:String com.myblog.article.controller.ArticleController.index(Model) time = 10ms
[2022-07-31 01:48:22:108011][http-nio-8080-exec-10] INFO  com.myblog.common.log.LogTracer - -------------------------------0:0:0:0:0:0:0:1/ea60fa43's transaction end/10ms-------------------------
